direnv: loading /nas/staff/data_work/manuel/cloned_repos/visualisation/loss-landscape/.envrc
direnv: loading ~/myVisualisationEnv/.envrc
direnv: using flake path:/home/milliman/myVisualisationEnv/.nix
direnv: nix-direnv: using cached dev shell
[38;5;202m🔨 Welcome to DeepLearningGPU[0m

[1m[general commands][0m

  julia  - High-level, high-performance, dynamic language for technical computing
  menu   - prints this menu
  poetry - Python dependency management and packaging made easy.

direnv: export +CPPFLAGS +DEVSHELL_DIR +IN_NIX_SHELL +JULIA_PROJECT +LDFLAGS +NIXPKGS_PATH +POETRY_VIRTUALENVS_IN_PROJECT +PRJ_DATA_DIR +PRJ_ROOT +VIRTUAL_ENV +VIRTUAL_ENV_PROMPT +XLA_FLAGS +name ~LD_LIBRARY_PATH ~PATH ~XDG_DATA_DIRS
Rank 0 use GPU 0 of 1 GPUs on eihw-gpu6
-------------------------------------------------------------
rank: 0
-------------------------------------------------------------
/home/milliman/myVisualisationEnv/.venv/lib/python3.10/site-packages/torch/utils/data/dataloader.py:554: UserWarning: This DataLoader will create 4 worker processes in total. Our suggested max number of worker in current system is 2, which is smaller than what this DataLoader is going to create. Please be aware that excessive worker creation might get DataLoader running slow or even freeze, lower the worker number to avoid potential slowness/freeze if necessary.
  warnings.warn(_create_warning_msg(
-------------------------------------------------------------------
setup_direction
-------------------------------------------------------------------
Setting up the plotting directions...
direction file created: /nas/staff/data_work/manuel/cloned_repos/visualisation/loss-landscape/model_selection_interspeech_paper/4interspeech_test/RQ1_Generalisation/cnn10_None_Adam_0-0001_32_50_44_None/state.pth.tar_weights_xignore=biasbn_xnorm=filter_yignore=biasbn_ynorm=filter.h5
cosine similarity between x-axis and y-axis: -0.000771
Computing 121 values for rank 0
Evaluating rank 0  0/121  (0.0%)  coord=[-0.25 -0.25] 	train_loss= 2.274 	train_acc=46.17 	time=21.87 	sync=0.00
Evaluating rank 0  1/121  (0.8%)  coord=[-0.2  -0.25] 	train_loss= 1.669 	train_acc=54.53 	time=19.63 	sync=0.00
Evaluating rank 0  2/121  (1.7%)  coord=[-0.15 -0.25] 	train_loss= 1.197 	train_acc=63.39 	time=19.76 	sync=0.00
Evaluating rank 0  3/121  (2.5%)  coord=[-0.1  -0.25] 	train_loss= 0.937 	train_acc=68.87 	time=19.60 	sync=0.00
Evaluating rank 0  4/121  (3.3%)  coord=[-0.05 -0.25] 	train_loss= 0.889 	train_acc=69.75 	time=20.06 	sync=0.00
Evaluating rank 0  5/121  (4.1%)  coord=[ 0.   -0.25] 	train_loss= 1.038 	train_acc=65.21 	time=20.13 	sync=0.00
Evaluating rank 0  6/121  (5.0%)  coord=[ 0.05 -0.25] 	train_loss= 1.394 	train_acc=55.21 	time=19.90 	sync=0.00
Evaluating rank 0  7/121  (5.8%)  coord=[ 0.1  -0.25] 	train_loss= 1.980 	train_acc=41.68 	time=19.89 	sync=0.00
Evaluating rank 0  8/121  (6.6%)  coord=[ 0.15 -0.25] 	train_loss= 2.821 	train_acc=27.71 	time=19.53 	sync=0.00
Evaluating rank 0  9/121  (7.4%)  coord=[ 0.2  -0.25] 	train_loss= 3.853 	train_acc=17.37 	time=19.95 	sync=0.00
Evaluating rank 0  10/121  (8.3%)  coord=[ 0.25 -0.25] 	train_loss= 4.914 	train_acc=12.30 	time=19.80 	sync=0.00
Evaluating rank 0  11/121  (9.1%)  coord=[-0.25 -0.2 ] 	train_loss= 1.905 	train_acc=50.79 	time=19.92 	sync=0.00
Evaluating rank 0  12/121  (9.9%)  coord=[-0.2 -0.2] 	train_loss= 1.268 	train_acc=61.82 	time=19.32 	sync=0.00
Evaluating rank 0  13/121  (10.7%)  coord=[-0.15 -0.2 ] 	train_loss= 0.803 	train_acc=72.71 	time=20.03 	sync=0.00
Evaluating rank 0  14/121  (11.6%)  coord=[-0.1 -0.2] 	train_loss= 0.567 	train_acc=79.40 	time=19.74 	sync=0.00
Evaluating rank 0  15/121  (12.4%)  coord=[-0.05 -0.2 ] 	train_loss= 0.515 	train_acc=81.40 	time=20.06 	sync=0.00
Evaluating rank 0  16/121  (13.2%)  coord=[ 0.  -0.2] 	train_loss= 0.620 	train_acc=77.90 	time=19.87 	sync=0.00
Evaluating rank 0  17/121  (14.0%)  coord=[ 0.05 -0.2 ] 	train_loss= 0.900 	train_acc=68.28 	time=19.76 	sync=0.00
Evaluating rank 0  18/121  (14.9%)  coord=[ 0.1 -0.2] 	train_loss= 1.390 	train_acc=55.23 	time=19.97 	sync=0.00
Evaluating rank 0  19/121  (15.7%)  coord=[ 0.15 -0.2 ] 	train_loss= 2.151 	train_acc=39.45 	time=19.91 	sync=0.00
Evaluating rank 0  20/121  (16.5%)  coord=[ 0.2 -0.2] 	train_loss= 3.179 	train_acc=24.87 	time=20.11 	sync=0.00
Evaluating rank 0  21/121  (17.4%)  coord=[ 0.25 -0.2 ] 	train_loss= 4.331 	train_acc=15.78 	time=19.84 	sync=0.00
Evaluating rank 0  22/121  (18.2%)  coord=[-0.25 -0.15] 	train_loss= 1.615 	train_acc=55.43 	time=30.02 	sync=0.00
Evaluating rank 0  23/121  (19.0%)  coord=[-0.2  -0.15] 	train_loss= 0.977 	train_acc=68.72 	time=19.40 	sync=0.00
Evaluating rank 0  24/121  (19.8%)  coord=[-0.15 -0.15] 	train_loss= 0.542 	train_acc=80.60 	time=19.72 	sync=0.00
Evaluating rank 0  25/121  (20.7%)  coord=[-0.1  -0.15] 	train_loss= 0.344 	train_acc=87.62 	time=19.83 	sync=0.00
Evaluating rank 0  26/121  (21.5%)  coord=[-0.05 -0.15] 	train_loss= 0.299 	train_acc=89.43 	time=20.15 	sync=0.00
Evaluating rank 0  27/121  (22.3%)  coord=[ 0.   -0.15] 	train_loss= 0.363 	train_acc=87.01 	time=19.74 	sync=0.00
Evaluating rank 0  28/121  (23.1%)  coord=[ 0.05 -0.15] 	train_loss= 0.557 	train_acc=79.51 	time=19.96 	sync=0.00
Evaluating rank 0  29/121  (24.0%)  coord=[ 0.1  -0.15] 	train_loss= 0.938 	train_acc=67.34 	time=19.68 	sync=0.00
Evaluating rank 0  30/121  (24.8%)  coord=[ 0.15 -0.15] 	train_loss= 1.583 	train_acc=51.35 	time=19.97 	sync=0.00
Evaluating rank 0  31/121  (25.6%)  coord=[ 0.2  -0.15] 	train_loss= 2.548 	train_acc=34.63 	time=19.81 	sync=0.00
Evaluating rank 0  32/121  (26.4%)  coord=[ 0.25 -0.15] 	train_loss= 3.734 	train_acc=21.56 	time=20.01 	sync=0.00
Evaluating rank 0  33/121  (27.3%)  coord=[-0.25 -0.1 ] 	train_loss= 1.421 	train_acc=59.04 	time=19.75 	sync=0.00
Evaluating rank 0  34/121  (28.1%)  coord=[-0.2 -0.1] 	train_loss= 0.811 	train_acc=72.71 	time=19.81 	sync=0.00
Evaluating rank 0  35/121  (28.9%)  coord=[-0.15 -0.1 ] 	train_loss= 0.416 	train_acc=85.22 	time=20.33 	sync=0.00
Evaluating rank 0  36/121  (29.8%)  coord=[-0.1 -0.1] 	train_loss= 0.247 	train_acc=91.62 	time=19.90 	sync=0.00
Evaluating rank 0  37/121  (30.6%)  coord=[-0.05 -0.1 ] 	train_loss= 0.204 	train_acc=93.72 	time=19.79 	sync=0.00
Evaluating rank 0  38/121  (31.4%)  coord=[ 0.  -0.1] 	train_loss= 0.236 	train_acc=92.31 	time=19.78 	sync=0.00
Evaluating rank 0  39/121  (32.2%)  coord=[ 0.05 -0.1 ] 	train_loss= 0.355 	train_acc=87.06 	time=19.83 	sync=0.00
Evaluating rank 0  40/121  (33.1%)  coord=[ 0.1 -0.1] 	train_loss= 0.628 	train_acc=77.09 	time=19.87 	sync=0.00
Evaluating rank 0  41/121  (33.9%)  coord=[ 0.15 -0.1 ] 	train_loss= 1.135 	train_acc=63.16 	time=19.70 	sync=0.00
Evaluating rank 0  42/121  (34.7%)  coord=[ 0.2 -0.1] 	train_loss= 1.988 	train_acc=45.29 	time=19.94 	sync=0.00
Evaluating rank 0  43/121  (35.5%)  coord=[ 0.25 -0.1 ] 	train_loss= 3.148 	train_acc=29.22 	time=19.87 	sync=0.00
Evaluating rank 0  44/121  (36.4%)  coord=[-0.25 -0.05] 	train_loss= 1.334 	train_acc=60.11 	time=19.83 	sync=0.00
Evaluating rank 0  45/121  (37.2%)  coord=[-0.2  -0.05] 	train_loss= 0.763 	train_acc=74.32 	time=19.67 	sync=0.00
Evaluating rank 0  46/121  (38.0%)  coord=[-0.15 -0.05] 	train_loss= 0.393 	train_acc=85.74 	time=31.00 	sync=0.00
Evaluating rank 0  47/121  (38.8%)  coord=[-0.1  -0.05] 	train_loss= 0.235 	train_acc=92.22 	time=19.74 	sync=0.00
Evaluating rank 0  48/121  (39.7%)  coord=[-0.05 -0.05] 	train_loss= 0.184 	train_acc=94.36 	time=21.58 	sync=0.00
Evaluating rank 0  49/121  (40.5%)  coord=[ 0.   -0.05] 	train_loss= 0.190 	train_acc=94.16 	time=21.90 	sync=0.00
Evaluating rank 0  50/121  (41.3%)  coord=[ 0.05 -0.05] 	train_loss= 0.257 	train_acc=90.98 	time=19.78 	sync=0.00
Evaluating rank 0  51/121  (42.1%)  coord=[ 0.1  -0.05] 	train_loss= 0.439 	train_acc=83.78 	time=19.75 	sync=0.00
Evaluating rank 0  52/121  (43.0%)  coord=[ 0.15 -0.05] 	train_loss= 0.817 	train_acc=72.65 	time=19.87 	sync=0.00
Evaluating rank 0  53/121  (43.8%)  coord=[ 0.2  -0.05] 	train_loss= 1.527 	train_acc=55.41 	time=19.57 	sync=0.00
Evaluating rank 0  54/121  (44.6%)  coord=[ 0.25 -0.05] 	train_loss= 2.606 	train_acc=37.32 	time=20.13 	sync=0.00
Evaluating rank 0  55/121  (45.5%)  coord=[-0.25  0.  ] 	train_loss= 1.353 	train_acc=59.28 	time=20.02 	sync=0.00
Evaluating rank 0  56/121  (46.3%)  coord=[-0.2  0. ] 	train_loss= 0.821 	train_acc=72.22 	time=19.64 	sync=0.00
Evaluating rank 0  57/121  (47.1%)  coord=[-0.15  0.  ] 	train_loss= 0.459 	train_acc=83.15 	time=19.96 	sync=0.00
Evaluating rank 0  58/121  (47.9%)  coord=[-0.1  0. ] 	train_loss= 0.287 	train_acc=89.51 	time=19.81 	sync=0.00
Evaluating rank 0  59/121  (48.8%)  coord=[-0.05  0.  ] 	train_loss= 0.214 	train_acc=92.86 	time=19.72 	sync=0.00
Evaluating rank 0  60/121  (49.6%)  coord=[0. 0.] 	train_loss= 0.194 	train_acc=93.73 	time=19.66 	sync=0.00
Evaluating rank 0  61/121  (50.4%)  coord=[0.05 0.  ] 	train_loss= 0.224 	train_acc=92.59 	time=19.73 	sync=0.00
Evaluating rank 0  62/121  (51.2%)  coord=[0.1 0. ] 	train_loss= 0.340 	train_acc=87.77 	time=19.71 	sync=0.00
Evaluating rank 0  63/121  (52.1%)  coord=[0.15 0.  ] 	train_loss= 0.621 	train_acc=79.12 	time=19.83 	sync=0.00
Evaluating rank 0  64/121  (52.9%)  coord=[0.2 0. ] 	train_loss= 1.193 	train_acc=63.69 	time=19.51 	sync=0.00
Evaluating rank 0  65/121  (53.7%)  coord=[0.25 0.  ] 	train_loss= 2.145 	train_acc=44.95 	time=19.87 	sync=0.00
Evaluating rank 0  66/121  (54.5%)  coord=[-0.25  0.05] 	train_loss= 1.476 	train_acc=56.52 	time=19.96 	sync=0.00
Evaluating rank 0  67/121  (55.4%)  coord=[-0.2   0.05] 	train_loss= 0.981 	train_acc=67.40 	time=19.54 	sync=0.00
Evaluating rank 0  68/121  (56.2%)  coord=[-0.15  0.05] 	train_loss= 0.613 	train_acc=77.92 	time=19.97 	sync=0.00
Evaluating rank 0  69/121  (57.0%)  coord=[-0.1   0.05] 	train_loss= 0.404 	train_acc=84.77 	time=21.07 	sync=0.00
Evaluating rank 0  70/121  (57.9%)  coord=[-0.05  0.05] 	train_loss= 0.295 	train_acc=89.19 	time=22.33 	sync=0.00
Evaluating rank 0  71/121  (58.7%)  coord=[0.   0.05] 	train_loss= 0.241 	train_acc=91.56 	time=19.81 	sync=0.00
Evaluating rank 0  72/121  (59.5%)  coord=[0.05 0.05] 	train_loss= 0.239 	train_acc=91.94 	time=20.01 	sync=0.00
Evaluating rank 0  73/121  (60.3%)  coord=[0.1  0.05] 	train_loss= 0.313 	train_acc=88.70 	time=20.06 	sync=0.00
Evaluating rank 0  74/121  (61.2%)  coord=[0.15 0.05] 	train_loss= 0.529 	train_acc=81.42 	time=19.64 	sync=0.00
Evaluating rank 0  75/121  (62.0%)  coord=[0.2  0.05] 	train_loss= 0.982 	train_acc=69.16 	time=20.08 	sync=0.00
Evaluating rank 0  76/121  (62.8%)  coord=[0.25 0.05] 	train_loss= 1.763 	train_acc=51.91 	time=19.93 	sync=0.00
Evaluating rank 0  77/121  (63.6%)  coord=[-0.25  0.1 ] 	train_loss= 1.709 	train_acc=51.98 	time=19.70 	sync=0.00
Evaluating rank 0  78/121  (64.5%)  coord=[-0.2  0.1] 	train_loss= 1.244 	train_acc=61.26 	time=20.02 	sync=0.00
Evaluating rank 0  79/121  (65.3%)  coord=[-0.15  0.1 ] 	train_loss= 0.863 	train_acc=70.56 	time=19.97 	sync=0.00
Evaluating rank 0  80/121  (66.1%)  coord=[-0.1  0.1] 	train_loss= 0.601 	train_acc=78.22 	time=20.05 	sync=0.00
Evaluating rank 0  81/121  (66.9%)  coord=[-0.05  0.1 ] 	train_loss= 0.440 	train_acc=83.53 	time=19.59 	sync=0.00
Evaluating rank 0  82/121  (67.8%)  coord=[0.  0.1] 	train_loss= 0.343 	train_acc=87.36 	time=19.61 	sync=0.00
Evaluating rank 0  83/121  (68.6%)  coord=[0.05 0.1 ] 	train_loss= 0.310 	train_acc=89.00 	time=20.11 	sync=0.00
Evaluating rank 0  84/121  (69.4%)  coord=[0.1 0.1] 	train_loss= 0.368 	train_acc=86.96 	time=19.88 	sync=0.00
Evaluating rank 0  85/121  (70.2%)  coord=[0.15 0.1 ] 	train_loss= 0.533 	train_acc=80.81 	time=19.91 	sync=0.00
Evaluating rank 0  86/121  (71.1%)  coord=[0.2 0.1] 	train_loss= 0.906 	train_acc=70.08 	time=19.92 	sync=0.00
Evaluating rank 0  87/121  (71.9%)  coord=[0.25 0.1 ] 	train_loss= 1.511 	train_acc=56.27 	time=19.61 	sync=0.00
Evaluating rank 0  88/121  (72.7%)  coord=[-0.25  0.15] 	train_loss= 2.054 	train_acc=46.08 	time=19.68 	sync=0.00
Evaluating rank 0  89/121  (73.6%)  coord=[-0.2   0.15] 	train_loss= 1.613 	train_acc=54.40 	time=19.83 	sync=0.00
Evaluating rank 0  90/121  (74.4%)  coord=[-0.15  0.15] 	train_loss= 1.223 	train_acc=62.52 	time=19.78 	sync=0.00
Evaluating rank 0  91/121  (75.2%)  coord=[-0.1   0.15] 	train_loss= 0.913 	train_acc=69.85 	time=20.17 	sync=0.00
Evaluating rank 0  92/121  (76.0%)  coord=[-0.05  0.15] 	train_loss= 0.685 	train_acc=75.82 	time=19.57 	sync=0.00
Evaluating rank 0  93/121  (76.9%)  coord=[0.   0.15] 	train_loss= 0.540 	train_acc=80.38 	time=19.60 	sync=0.00
Evaluating rank 0  94/121  (77.7%)  coord=[0.05 0.15] 	train_loss= 0.491 	train_acc=82.41 	time=19.83 	sync=0.00
Evaluating rank 0  95/121  (78.5%)  coord=[0.1  0.15] 	train_loss= 0.574 	train_acc=80.00 	time=19.80 	sync=0.00
Evaluating rank 0  96/121  (79.3%)  coord=[0.15 0.15] 	train_loss= 0.689 	train_acc=75.78 	time=19.98 	sync=0.00
Evaluating rank 0  97/121  (80.2%)  coord=[0.2  0.15] 	train_loss= 1.022 	train_acc=66.22 	time=19.65 	sync=0.00
Evaluating rank 0  98/121  (81.0%)  coord=[0.25 0.15] 	train_loss= 1.573 	train_acc=54.66 	time=19.76 	sync=0.00
Evaluating rank 0  99/121  (81.8%)  coord=[-0.25  0.2 ] 	train_loss= 2.497 	train_acc=39.80 	time=19.84 	sync=0.00
Evaluating rank 0  100/121  (82.6%)  coord=[-0.2  0.2] 	train_loss= 2.085 	train_acc=46.71 	time=19.75 	sync=0.00
Evaluating rank 0  101/121  (83.5%)  coord=[-0.15  0.2 ] 	train_loss= 1.703 	train_acc=53.49 	time=20.03 	sync=0.00
Evaluating rank 0  102/121  (84.3%)  coord=[-0.1  0.2] 	train_loss= 1.370 	train_acc=60.11 	time=20.19 	sync=0.00
Evaluating rank 0  103/121  (85.1%)  coord=[-0.05  0.2 ] 	train_loss= 1.091 	train_acc=66.13 	time=19.77 	sync=0.00
Evaluating rank 0  104/121  (86.0%)  coord=[0.  0.2] 	train_loss= 0.900 	train_acc=70.90 	time=19.99 	sync=0.00
Evaluating rank 0  105/121  (86.8%)  coord=[0.05 0.2 ] 	train_loss= 0.873 	train_acc=72.15 	time=19.85 	sync=0.00
Evaluating rank 0  106/121  (87.6%)  coord=[0.1 0.2] 	train_loss= 1.011 	train_acc=69.61 	time=19.92 	sync=0.00
Evaluating rank 0  107/121  (88.4%)  coord=[0.15 0.2 ] 	train_loss= 1.064 	train_acc=65.91 	time=19.78 	sync=0.00
Evaluating rank 0  108/121  (89.3%)  coord=[0.2 0.2] 	train_loss= 1.334 	train_acc=58.62 	time=19.79 	sync=0.00
Evaluating rank 0  109/121  (90.1%)  coord=[0.25 0.2 ] 	train_loss= 1.857 	train_acc=47.93 	time=19.89 	sync=0.00
Evaluating rank 0  110/121  (90.9%)  coord=[-0.25  0.25] 	train_loss= 2.997 	train_acc=33.84 	time=19.57 	sync=0.00
Evaluating rank 0  111/121  (91.7%)  coord=[-0.2   0.25] 	train_loss= 2.630 	train_acc=39.36 	time=19.94 	sync=0.00
Evaluating rank 0  112/121  (92.6%)  coord=[-0.15  0.25] 	train_loss= 2.280 	train_acc=45.42 	time=19.35 	sync=0.00
Evaluating rank 0  113/121  (93.4%)  coord=[-0.1   0.25] 	train_loss= 1.957 	train_acc=50.80 	time=19.96 	sync=0.00
Evaluating rank 0  114/121  (94.2%)  coord=[-0.05  0.25] 	train_loss= 1.664 	train_acc=56.06 	time=19.95 	sync=0.00
Evaluating rank 0  115/121  (95.0%)  coord=[0.   0.25] 	train_loss= 1.455 	train_acc=60.03 	time=19.97 	sync=0.00
Evaluating rank 0  116/121  (95.9%)  coord=[0.05 0.25] 	train_loss= 1.479 	train_acc=60.39 	time=19.72 	sync=0.00
Evaluating rank 0  117/121  (96.7%)  coord=[0.1  0.25] 	train_loss= 1.658 	train_acc=57.65 	time=19.64 	sync=0.00
Evaluating rank 0  118/121  (97.5%)  coord=[0.15 0.25] 	train_loss= 1.633 	train_acc=54.98 	time=20.62 	sync=0.00
slurmstepd: error: *** JOB 25029 ON eihw-gpu6 CANCELLED AT 2023-02-23T16:46:57 ***
