direnv: loading /nas/staff/data_work/manuel/cloned_repos/visualisation/loss-landscape/.envrc
direnv: loading ~/myVisualisationEnv/.envrc
direnv: using flake path:/home/milliman/myVisualisationEnv/.nix
direnv: nix-direnv: using cached dev shell
[38;5;202m🔨 Welcome to DeepLearningGPU[0m

[1m[general commands][0m

  julia  - High-level, high-performance, dynamic language for technical computing
  menu   - prints this menu
  poetry - Python dependency management and packaging made easy.

direnv: export +CPPFLAGS +DEVSHELL_DIR +IN_NIX_SHELL +JULIA_PROJECT +LDFLAGS +NIXPKGS_PATH +POETRY_VIRTUALENVS_IN_PROJECT +PRJ_DATA_DIR +PRJ_ROOT +VIRTUAL_ENV +VIRTUAL_ENV_PROMPT +XLA_FLAGS +name ~LD_LIBRARY_PATH ~PATH ~XDG_DATA_DIRS
Rank 0 use GPU 0 of 1 GPUs on eihw-gpu7
-------------------------------------------------------------
rank: 0
-------------------------------------------------------------
/home/milliman/myVisualisationEnv/.venv/lib/python3.10/site-packages/torch/utils/data/dataloader.py:554: UserWarning: This DataLoader will create 4 worker processes in total. Our suggested max number of worker in current system is 2, which is smaller than what this DataLoader is going to create. Please be aware that excessive worker creation might get DataLoader running slow or even freeze, lower the worker number to avoid potential slowness/freeze if necessary.
  warnings.warn(_create_warning_msg(
-------------------------------------------------------------------
setup_direction
-------------------------------------------------------------------
Setting up the plotting directions...
direction file created: /nas/staff/data_work/manuel/cloned_repos/visualisation/loss-landscape/model_selection_interspeech_paper/first_test/cnn10_None_GDTUO-Adam-Adam_1e-06_16_50_42_None/state.pth.tar_weights_xignore=biasbn_xnorm=filter.h5
Computing 101 values for rank 0
Evaluating rank 0  0/101  (0.0%)  coord=-1.0 	train_loss= 13.953 	train_acc=10.06 	time=127.73 	sync=0.00
Evaluating rank 0  1/101  (1.0%)  coord=-0.98 	train_loss= 13.098 	train_acc=9.67 	time=20.09 	sync=0.00
Evaluating rank 0  2/101  (2.0%)  coord=-0.96 	train_loss= 12.340 	train_acc=9.53 	time=20.09 	sync=0.00
Evaluating rank 0  3/101  (3.0%)  coord=-0.94 	train_loss= 11.633 	train_acc=9.46 	time=19.55 	sync=0.00
Evaluating rank 0  4/101  (4.0%)  coord=-0.92 	train_loss= 10.977 	train_acc=9.46 	time=20.23 	sync=0.00
Evaluating rank 0  5/101  (5.0%)  coord=-0.9 	train_loss= 10.350 	train_acc=9.47 	time=20.41 	sync=0.00
Evaluating rank 0  6/101  (5.9%)  coord=-0.88 	train_loss= 9.755 	train_acc=9.45 	time=20.00 	sync=0.00
Evaluating rank 0  7/101  (6.9%)  coord=-0.86 	train_loss= 9.167 	train_acc=9.48 	time=20.07 	sync=0.00
Evaluating rank 0  8/101  (7.9%)  coord=-0.84 	train_loss= 8.588 	train_acc=9.56 	time=20.46 	sync=0.00
Evaluating rank 0  9/101  (8.9%)  coord=-0.8200000000000001 	train_loss= 8.023 	train_acc=9.69 	time=20.40 	sync=0.00
Evaluating rank 0  10/101  (9.9%)  coord=-0.8 	train_loss= 7.473 	train_acc=9.85 	time=20.15 	sync=0.00
Evaluating rank 0  11/101  (10.9%)  coord=-0.78 	train_loss= 6.939 	train_acc=10.05 	time=20.43 	sync=0.00
Evaluating rank 0  12/101  (11.9%)  coord=-0.76 	train_loss= 6.438 	train_acc=10.53 	time=20.47 	sync=0.00
Evaluating rank 0  13/101  (12.9%)  coord=-0.74 	train_loss= 5.966 	train_acc=11.14 	time=20.19 	sync=0.00
Evaluating rank 0  14/101  (13.9%)  coord=-0.72 	train_loss= 5.530 	train_acc=11.87 	time=20.15 	sync=0.00
Evaluating rank 0  15/101  (14.9%)  coord=-0.7 	train_loss= 5.127 	train_acc=12.68 	time=20.42 	sync=0.00
Evaluating rank 0  16/101  (15.8%)  coord=-0.6799999999999999 	train_loss= 4.762 	train_acc=13.62 	time=20.33 	sync=0.00
Evaluating rank 0  17/101  (16.8%)  coord=-0.6599999999999999 	train_loss= 4.432 	train_acc=14.84 	time=20.26 	sync=0.00
Evaluating rank 0  18/101  (17.8%)  coord=-0.64 	train_loss= 4.131 	train_acc=16.45 	time=20.25 	sync=0.00
Evaluating rank 0  19/101  (18.8%)  coord=-0.62 	train_loss= 3.860 	train_acc=18.52 	time=20.27 	sync=0.00
Evaluating rank 0  20/101  (19.8%)  coord=-0.6 	train_loss= 3.614 	train_acc=20.95 	time=20.12 	sync=0.00
Evaluating rank 0  21/101  (20.8%)  coord=-0.5800000000000001 	train_loss= 3.389 	train_acc=23.43 	time=20.13 	sync=0.00
Evaluating rank 0  22/101  (21.8%)  coord=-0.56 	train_loss= 3.181 	train_acc=25.96 	time=20.45 	sync=0.00
Evaluating rank 0  23/101  (22.8%)  coord=-0.54 	train_loss= 2.986 	train_acc=28.90 	time=20.11 	sync=0.00
Evaluating rank 0  24/101  (23.8%)  coord=-0.52 	train_loss= 2.801 	train_acc=31.74 	time=20.27 	sync=0.00
Evaluating rank 0  25/101  (24.8%)  coord=-0.5 	train_loss= 2.628 	train_acc=34.62 	time=20.39 	sync=0.00
Evaluating rank 0  26/101  (25.7%)  coord=-0.48 	train_loss= 2.460 	train_acc=37.74 	time=20.34 	sync=0.00
Evaluating rank 0  27/101  (26.7%)  coord=-0.45999999999999996 	train_loss= 2.300 	train_acc=41.08 	time=20.22 	sync=0.00
Evaluating rank 0  28/101  (27.7%)  coord=-0.43999999999999995 	train_loss= 2.146 	train_acc=44.41 	time=20.42 	sync=0.00
Evaluating rank 0  29/101  (28.7%)  coord=-0.42000000000000004 	train_loss= 1.996 	train_acc=47.60 	time=20.12 	sync=0.00
Evaluating rank 0  30/101  (29.7%)  coord=-0.4 	train_loss= 1.846 	train_acc=50.92 	time=20.40 	sync=0.00
Evaluating rank 0  31/101  (30.7%)  coord=-0.38 	train_loss= 1.696 	train_acc=54.30 	time=20.04 	sync=0.00
Evaluating rank 0  32/101  (31.7%)  coord=-0.36 	train_loss= 1.543 	train_acc=58.08 	time=20.32 	sync=0.00
Evaluating rank 0  33/101  (32.7%)  coord=-0.33999999999999997 	train_loss= 1.389 	train_acc=61.81 	time=20.09 	sync=0.00
Evaluating rank 0  34/101  (33.7%)  coord=-0.31999999999999995 	train_loss= 1.232 	train_acc=65.48 	time=20.08 	sync=0.00
Evaluating rank 0  35/101  (34.7%)  coord=-0.29999999999999993 	train_loss= 1.076 	train_acc=69.30 	time=20.21 	sync=0.00
Evaluating rank 0  36/101  (35.6%)  coord=-0.28 	train_loss= 0.924 	train_acc=73.01 	time=20.37 	sync=0.00
Evaluating rank 0  37/101  (36.6%)  coord=-0.26 	train_loss= 0.779 	train_acc=76.41 	time=20.52 	sync=0.00
Evaluating rank 0  38/101  (37.6%)  coord=-0.24 	train_loss= 0.646 	train_acc=79.77 	time=20.32 	sync=0.00
Evaluating rank 0  39/101  (38.6%)  coord=-0.21999999999999997 	train_loss= 0.529 	train_acc=82.53 	time=19.95 	sync=0.00
Evaluating rank 0  40/101  (39.6%)  coord=-0.19999999999999996 	train_loss= 0.427 	train_acc=85.71 	time=20.29 	sync=0.00
Evaluating rank 0  41/101  (40.6%)  coord=-0.17999999999999994 	train_loss= 0.343 	train_acc=88.13 	time=20.13 	sync=0.00
Evaluating rank 0  42/101  (41.6%)  coord=-0.16000000000000003 	train_loss= 0.275 	train_acc=90.64 	time=20.41 	sync=0.00
Evaluating rank 0  43/101  (42.6%)  coord=-0.14 	train_loss= 0.220 	train_acc=92.52 	time=20.39 	sync=0.00
Evaluating rank 0  44/101  (43.6%)  coord=-0.12 	train_loss= 0.177 	train_acc=94.16 	time=20.09 	sync=0.00
Evaluating rank 0  45/101  (44.6%)  coord=-0.09999999999999998 	train_loss= 0.145 	train_acc=95.30 	time=20.22 	sync=0.00
Evaluating rank 0  46/101  (45.5%)  coord=-0.07999999999999996 	train_loss= 0.122 	train_acc=96.43 	time=19.87 	sync=0.00
Evaluating rank 0  47/101  (46.5%)  coord=-0.05999999999999994 	train_loss= 0.106 	train_acc=97.21 	time=20.11 	sync=0.00
Evaluating rank 0  48/101  (47.5%)  coord=-0.040000000000000036 	train_loss= 0.096 	train_acc=97.59 	time=19.98 	sync=0.00
Evaluating rank 0  49/101  (48.5%)  coord=-0.020000000000000018 	train_loss= 0.089 	train_acc=97.82 	time=20.22 	sync=0.00
Evaluating rank 0  50/101  (49.5%)  coord=0.0 	train_loss= 0.085 	train_acc=97.91 	time=20.39 	sync=0.00
Evaluating rank 0  51/101  (50.5%)  coord=0.020000000000000018 	train_loss= 0.084 	train_acc=97.95 	time=20.26 	sync=0.00
Evaluating rank 0  52/101  (51.5%)  coord=0.040000000000000036 	train_loss= 0.084 	train_acc=97.99 	time=19.95 	sync=0.00
Evaluating rank 0  53/101  (52.5%)  coord=0.06000000000000005 	train_loss= 0.090 	train_acc=97.82 	time=19.99 	sync=0.00
Evaluating rank 0  54/101  (53.5%)  coord=0.08000000000000007 	train_loss= 0.102 	train_acc=97.16 	time=20.05 	sync=0.00
Evaluating rank 0  55/101  (54.5%)  coord=0.10000000000000009 	train_loss= 0.127 	train_acc=96.28 	time=20.22 	sync=0.00
Evaluating rank 0  56/101  (55.4%)  coord=0.1200000000000001 	train_loss= 0.169 	train_acc=94.59 	time=20.22 	sync=0.00
Evaluating rank 0  57/101  (56.4%)  coord=0.14000000000000012 	train_loss= 0.236 	train_acc=92.44 	time=20.06 	sync=0.00
Evaluating rank 0  58/101  (57.4%)  coord=0.15999999999999992 	train_loss= 0.334 	train_acc=89.30 	time=20.35 	sync=0.00
Evaluating rank 0  59/101  (58.4%)  coord=0.17999999999999994 	train_loss= 0.480 	train_acc=85.10 	time=20.28 	sync=0.00
Evaluating rank 0  60/101  (59.4%)  coord=0.19999999999999996 	train_loss= 0.687 	train_acc=80.01 	time=20.18 	sync=0.00
Evaluating rank 0  61/101  (60.4%)  coord=0.21999999999999997 	train_loss= 0.967 	train_acc=73.48 	time=20.58 	sync=0.00
Evaluating rank 0  62/101  (61.4%)  coord=0.24 	train_loss= 1.318 	train_acc=66.95 	time=20.24 	sync=0.00
Evaluating rank 0  63/101  (62.4%)  coord=0.26 	train_loss= 1.735 	train_acc=59.69 	time=20.28 	sync=0.00
Evaluating rank 0  64/101  (63.4%)  coord=0.28 	train_loss= 2.204 	train_acc=52.96 	time=20.15 	sync=0.00
Evaluating rank 0  65/101  (64.4%)  coord=0.30000000000000004 	train_loss= 2.696 	train_acc=46.63 	time=20.51 	sync=0.00
Evaluating rank 0  66/101  (65.3%)  coord=0.32000000000000006 	train_loss= 3.194 	train_acc=41.14 	time=20.46 	sync=0.00
Evaluating rank 0  67/101  (66.3%)  coord=0.3400000000000001 	train_loss= 3.682 	train_acc=36.09 	time=20.25 	sync=0.00
Evaluating rank 0  68/101  (67.3%)  coord=0.3600000000000001 	train_loss= 4.151 	train_acc=31.83 	time=20.23 	sync=0.00
Evaluating rank 0  69/101  (68.3%)  coord=0.3800000000000001 	train_loss= 4.599 	train_acc=28.27 	time=20.18 	sync=0.00
Evaluating rank 0  70/101  (69.3%)  coord=0.40000000000000013 	train_loss= 5.031 	train_acc=25.16 	time=20.43 	sync=0.00
Evaluating rank 0  71/101  (70.3%)  coord=0.41999999999999993 	train_loss= 5.449 	train_acc=23.16 	time=20.41 	sync=0.00
Evaluating rank 0  72/101  (71.3%)  coord=0.43999999999999995 	train_loss= 5.858 	train_acc=21.64 	time=20.10 	sync=0.00
Evaluating rank 0  73/101  (72.3%)  coord=0.45999999999999996 	train_loss= 6.250 	train_acc=20.46 	time=20.21 	sync=0.00
Evaluating rank 0  74/101  (73.3%)  coord=0.48 	train_loss= 6.614 	train_acc=19.22 	time=20.21 	sync=0.00
Evaluating rank 0  75/101  (74.3%)  coord=0.5 	train_loss= 6.948 	train_acc=18.13 	time=20.36 	sync=0.00
Evaluating rank 0  76/101  (75.2%)  coord=0.52 	train_loss= 7.236 	train_acc=17.15 	time=20.46 	sync=0.00
Evaluating rank 0  77/101  (76.2%)  coord=0.54 	train_loss= 7.471 	train_acc=16.38 	time=20.12 	sync=0.00
Evaluating rank 0  78/101  (77.2%)  coord=0.56 	train_loss= 7.647 	train_acc=15.87 	time=20.35 	sync=0.00
Evaluating rank 0  79/101  (78.2%)  coord=0.5800000000000001 	train_loss= 7.752 	train_acc=15.38 	time=20.21 	sync=0.00
Evaluating rank 0  80/101  (79.2%)  coord=0.6000000000000001 	train_loss= 7.799 	train_acc=15.15 	time=20.21 	sync=0.00
Evaluating rank 0  81/101  (80.2%)  coord=0.6200000000000001 	train_loss= 7.785 	train_acc=14.94 	time=20.25 	sync=0.00
Evaluating rank 0  82/101  (81.2%)  coord=0.6400000000000001 	train_loss= 7.718 	train_acc=15.23 	time=20.07 	sync=0.00
Evaluating rank 0  83/101  (82.2%)  coord=0.6600000000000001 	train_loss= 7.614 	train_acc=15.78 	time=20.04 	sync=0.00
Evaluating rank 0  84/101  (83.2%)  coord=0.6799999999999999 	train_loss= 7.501 	train_acc=16.89 	time=19.96 	sync=0.00
Evaluating rank 0  85/101  (84.2%)  coord=0.7 	train_loss= 7.391 	train_acc=18.11 	time=20.13 	sync=0.00
Evaluating rank 0  86/101  (85.1%)  coord=0.72 	train_loss= 7.323 	train_acc=19.22 	time=20.38 	sync=0.00
Evaluating rank 0  87/101  (86.1%)  coord=0.74 	train_loss= 7.307 	train_acc=20.50 	time=20.33 	sync=0.00
Evaluating rank 0  88/101  (87.1%)  coord=0.76 	train_loss= 7.363 	train_acc=20.84 	time=20.12 	sync=0.00
Evaluating rank 0  89/101  (88.1%)  coord=0.78 	train_loss= 7.497 	train_acc=20.81 	time=20.29 	sync=0.00
Evaluating rank 0  90/101  (89.1%)  coord=0.8 	train_loss= 7.725 	train_acc=20.45 	time=20.33 	sync=0.00
Evaluating rank 0  91/101  (90.1%)  coord=0.8200000000000001 	train_loss= 8.057 	train_acc=19.73 	time=20.37 	sync=0.00
Evaluating rank 0  92/101  (91.1%)  coord=0.8400000000000001 	train_loss= 8.513 	train_acc=19.41 	time=20.50 	sync=0.00
Evaluating rank 0  93/101  (92.1%)  coord=0.8600000000000001 	train_loss= 9.091 	train_acc=18.93 	time=20.06 	sync=0.00
Evaluating rank 0  94/101  (93.1%)  coord=0.8800000000000001 	train_loss= 9.802 	train_acc=18.34 	time=20.44 	sync=0.00
Evaluating rank 0  95/101  (94.1%)  coord=0.9000000000000001 	train_loss= 10.660 	train_acc=17.91 	time=20.18 	sync=0.00
Evaluating rank 0  96/101  (95.0%)  coord=0.9199999999999999 	train_loss= 11.656 	train_acc=17.23 	time=20.01 	sync=0.00
Evaluating rank 0  97/101  (96.0%)  coord=0.94 	train_loss= 12.799 	train_acc=16.63 	time=20.20 	sync=0.00
Evaluating rank 0  98/101  (97.0%)  coord=0.96 	train_loss= 14.080 	train_acc=16.26 	time=20.27 	sync=0.00
Evaluating rank 0  99/101  (98.0%)  coord=0.98 	train_loss= 15.492 	train_acc=16.01 	time=20.35 	sync=0.00
Evaluating rank 0  100/101  (99.0%)  coord=1.0 	train_loss= 17.039 	train_acc=15.81 	time=20.19 	sync=0.00
Rank 0 done!  Total time: 2176.92 Sync: 0.00
------------------------------------------------------------------
plot_1d_loss_err
------------------------------------------------------------------
<KeysViewHDF5 ['dir_file', 'train_acc', 'train_loss', 'xcoordinates']>
train_loss
[13.95301484 13.0979562  12.33981695 11.63277995 10.97715123 10.35043335
  9.75501435  9.16707888  8.58792752  8.02325892  7.47348711  6.93926142
  6.43811272  5.96635117  5.53012709  5.12734844  4.76223718  4.4317271
  4.13096222  3.85958322  3.61413646  3.38924645  3.18053283  2.98555746
  2.80134911  2.62771364  2.46029565  2.29998405  2.14594359  1.99567302
  1.84562968  1.69627897  1.5430828   1.38889189  1.23210567  1.07579071
  0.92375375  0.77897383  0.6463134   0.528592    0.42743466  0.34342915
  0.27502547  0.22013476  0.17729179  0.14488081  0.12191684  0.10635844
  0.09613913  0.08931704  0.08518931  0.08353965  0.08449202  0.08952348
  0.10209472  0.1267621   0.16899473  0.23555845  0.33436075  0.47969589
  0.68713766  0.96712526  1.31787508  1.73541739  2.20354727  2.69550655
  3.19435553  3.68164401  4.15058375  4.59915782  5.03134665  5.44895783
  5.85843417  6.25027683  6.61434359  6.94767812  7.23556014  7.47065841
  7.6465116   7.75195135  7.79878884  7.78523636  7.71846895  7.61433839
  7.50072711  7.39126979  7.32257094  7.30748739  7.36322395  7.49720594
  7.72531408  8.05688949  8.51273801  9.09101988  9.80234876 10.66029761
 11.65584506 12.79864691 14.08012093 15.49163467 17.03940255]
train_acc
[10.06302822  9.66910185  9.53301819  9.46139522  9.46139522  9.46855751
  9.45423292  9.47571981  9.56166738  9.69058874  9.84815929 10.04870362
 10.52857757 11.13737287 11.86792723 12.67726687 13.62269016 14.84028076
 16.45179774 18.52170176 20.94972067 23.42787566 25.96332904 28.89987108
 31.74330325 34.61538462 37.7381464  41.07577711 44.41340782 47.60063028
 50.9239364  54.2973786  58.07907177 61.81062885 65.48488755 69.30239221
 73.0124624  76.40739149 79.77367139 82.53115599 85.71121616 88.13207277
 90.63887695 92.51539894 94.1627274  95.30153273 96.43317576 97.20670391
 97.59346798 97.81549921 97.90860908 97.95158287 97.99455665 97.81549921
 97.16373012 96.27560521 94.58530297 92.44377596 89.29952729 85.10242086
 80.01002722 73.47801175 66.95315857 59.69058874 52.95802894 46.6337201
 41.14023779 36.09081793 31.82925082 28.26958888 25.1611517  23.16287065
 21.63730125 20.46268443 19.21644464 18.13493769 17.15370291 16.38017476
 15.87165163 15.37745309 15.14825956 14.94055293 15.23420713 15.77854176
 16.88869789 18.1134508  19.22360693 20.49849592 20.84228621 20.81363701
 20.44835983 19.73213007 19.40982667 18.92995273 18.34264432 17.90574416
 17.23248818 16.63085518 16.2584157  16.00773528 15.80719095]
