direnv: loading /nas/staff/data_work/manuel/cloned_repos/visualisation/loss-landscape/.envrc
direnv: loading ~/myVisualisationEnv/.envrc
direnv: using flake path:/home/milliman/myVisualisationEnv/.nix
direnv: nix-direnv: using cached dev shell
[38;5;202m🔨 Welcome to DeepLearningGPU[0m

[1m[general commands][0m

  julia  - High-level, high-performance, dynamic language for technical computing
  menu   - prints this menu
  poetry - Python dependency management and packaging made easy.

direnv: export +CPPFLAGS +DEVSHELL_DIR +IN_NIX_SHELL +JULIA_PROJECT +LDFLAGS +NIXPKGS_PATH +POETRY_VIRTUALENVS_IN_PROJECT +PRJ_DATA_DIR +PRJ_ROOT +VIRTUAL_ENV +VIRTUAL_ENV_PROMPT +XLA_FLAGS +name ~LD_LIBRARY_PATH ~PATH ~XDG_DATA_DIRS
Rank 0 use GPU 0 of 1 GPUs on eihw-gpu6
-------------------------------------------------------------
rank: 0
-------------------------------------------------------------
/home/milliman/myVisualisationEnv/.venv/lib/python3.10/site-packages/torch/utils/data/dataloader.py:554: UserWarning: This DataLoader will create 4 worker processes in total. Our suggested max number of worker in current system is 2, which is smaller than what this DataLoader is going to create. Please be aware that excessive worker creation might get DataLoader running slow or even freeze, lower the worker number to avoid potential slowness/freeze if necessary.
  warnings.warn(_create_warning_msg(
-------------------------------------------------------------------
setup_direction
-------------------------------------------------------------------
Setting up the plotting directions...
direction file created: /nas/staff/data_work/manuel/cloned_repos/visualisation/loss-landscape/model_selection_interspeech_paper/eighth_test/cnn10_None_Adam_0-0001_16_50_44_None/state.pth.tar_states_xignore=biasbn_xnorm=filter.h5
Computing 51 values for rank 0
Evaluating rank 0  0/51  (0.0%)  coord=-0.1 	train_loss= 0.054 	train_acc=98.31 	time=21.36 	sync=0.00
Evaluating rank 0  1/51  (2.0%)  coord=-0.096 	train_loss= 0.051 	train_acc=98.42 	time=19.77 	sync=0.00
Evaluating rank 0  2/51  (3.9%)  coord=-0.092 	train_loss= 0.048 	train_acc=98.50 	time=19.84 	sync=0.00
Evaluating rank 0  3/51  (5.9%)  coord=-0.08800000000000001 	train_loss= 0.046 	train_acc=98.63 	time=19.99 	sync=0.00
Evaluating rank 0  4/51  (7.8%)  coord=-0.084 	train_loss= 0.044 	train_acc=98.72 	time=19.85 	sync=0.00
Evaluating rank 0  5/51  (9.8%)  coord=-0.08 	train_loss= 0.042 	train_acc=98.78 	time=20.25 	sync=0.00
Evaluating rank 0  6/51  (11.8%)  coord=-0.07600000000000001 	train_loss= 0.040 	train_acc=98.83 	time=19.98 	sync=0.00
Evaluating rank 0  7/51  (13.7%)  coord=-0.07200000000000001 	train_loss= 0.038 	train_acc=98.91 	time=20.20 	sync=0.00
Evaluating rank 0  8/51  (15.7%)  coord=-0.068 	train_loss= 0.037 	train_acc=98.95 	time=19.98 	sync=0.00
Evaluating rank 0  9/51  (17.6%)  coord=-0.064 	train_loss= 0.036 	train_acc=98.97 	time=20.06 	sync=0.00
Evaluating rank 0  10/51  (19.6%)  coord=-0.060000000000000005 	train_loss= 0.034 	train_acc=98.99 	time=21.74 	sync=0.00
Evaluating rank 0  11/51  (21.6%)  coord=-0.05600000000000001 	train_loss= 0.033 	train_acc=99.02 	time=19.77 	sync=0.00
Evaluating rank 0  12/51  (23.5%)  coord=-0.052000000000000005 	train_loss= 0.032 	train_acc=99.03 	time=20.16 	sync=0.00
Evaluating rank 0  13/51  (25.5%)  coord=-0.048 	train_loss= 0.031 	train_acc=99.10 	time=20.25 	sync=0.00
Evaluating rank 0  14/51  (27.5%)  coord=-0.044000000000000004 	train_loss= 0.031 	train_acc=99.14 	time=20.06 	sync=0.00
Evaluating rank 0  15/51  (29.4%)  coord=-0.04000000000000001 	train_loss= 0.030 	train_acc=99.20 	time=20.09 	sync=0.00
Evaluating rank 0  16/51  (31.4%)  coord=-0.036000000000000004 	train_loss= 0.029 	train_acc=99.21 	time=20.14 	sync=0.00
Evaluating rank 0  17/51  (33.3%)  coord=-0.032 	train_loss= 0.029 	train_acc=99.26 	time=19.79 	sync=0.00
Evaluating rank 0  18/51  (35.3%)  coord=-0.027999999999999997 	train_loss= 0.028 	train_acc=99.31 	time=19.78 	sync=0.00
Evaluating rank 0  19/51  (37.3%)  coord=-0.024000000000000007 	train_loss= 0.028 	train_acc=99.32 	time=19.96 	sync=0.00
Evaluating rank 0  20/51  (39.2%)  coord=-0.020000000000000004 	train_loss= 0.027 	train_acc=99.33 	time=20.11 	sync=0.00
Evaluating rank 0  21/51  (41.2%)  coord=-0.016 	train_loss= 0.027 	train_acc=99.38 	time=20.07 	sync=0.00
Evaluating rank 0  22/51  (43.1%)  coord=-0.01200000000000001 	train_loss= 0.027 	train_acc=99.40 	time=20.00 	sync=0.00
Evaluating rank 0  23/51  (45.1%)  coord=-0.008000000000000007 	train_loss= 0.027 	train_acc=99.38 	time=19.94 	sync=0.00
Evaluating rank 0  24/51  (47.1%)  coord=-0.0040000000000000036 	train_loss= 0.026 	train_acc=99.40 	time=19.61 	sync=0.00
Evaluating rank 0  25/51  (49.0%)  coord=0.0 	train_loss= 0.026 	train_acc=99.40 	time=20.14 	sync=0.00
Evaluating rank 0  26/51  (51.0%)  coord=0.0040000000000000036 	train_loss= 0.026 	train_acc=99.38 	time=20.11 	sync=0.00
Evaluating rank 0  27/51  (52.9%)  coord=0.007999999999999993 	train_loss= 0.026 	train_acc=99.37 	time=19.96 	sync=0.00
Evaluating rank 0  28/51  (54.9%)  coord=0.011999999999999997 	train_loss= 0.026 	train_acc=99.37 	time=20.12 	sync=0.00
Evaluating rank 0  29/51  (56.9%)  coord=0.016 	train_loss= 0.026 	train_acc=99.34 	time=20.04 	sync=0.00
Evaluating rank 0  30/51  (58.8%)  coord=0.01999999999999999 	train_loss= 0.026 	train_acc=99.35 	time=19.63 	sync=0.00
Evaluating rank 0  31/51  (60.8%)  coord=0.023999999999999994 	train_loss= 0.026 	train_acc=99.34 	time=20.09 	sync=0.00
Evaluating rank 0  32/51  (62.7%)  coord=0.027999999999999997 	train_loss= 0.026 	train_acc=99.33 	time=19.96 	sync=0.00
Evaluating rank 0  33/51  (64.7%)  coord=0.032 	train_loss= 0.026 	train_acc=99.32 	time=20.09 	sync=0.00
Evaluating rank 0  34/51  (66.7%)  coord=0.036000000000000004 	train_loss= 0.027 	train_acc=99.33 	time=19.60 	sync=0.00
Evaluating rank 0  35/51  (68.6%)  coord=0.04000000000000001 	train_loss= 0.027 	train_acc=99.32 	time=20.13 	sync=0.00
Evaluating rank 0  36/51  (70.6%)  coord=0.04400000000000001 	train_loss= 0.027 	train_acc=99.31 	time=19.90 	sync=0.00
Evaluating rank 0  37/51  (72.5%)  coord=0.04799999999999999 	train_loss= 0.028 	train_acc=99.31 	time=20.08 	sync=0.00
Evaluating rank 0  38/51  (74.5%)  coord=0.05199999999999999 	train_loss= 0.028 	train_acc=99.31 	time=19.76 	sync=0.00
Evaluating rank 0  39/51  (76.5%)  coord=0.055999999999999994 	train_loss= 0.028 	train_acc=99.28 	time=19.74 	sync=0.00
Evaluating rank 0  40/51  (78.4%)  coord=0.06 	train_loss= 0.029 	train_acc=99.25 	time=20.09 	sync=0.00
Evaluating rank 0  41/51  (80.4%)  coord=0.064 	train_loss= 0.029 	train_acc=99.24 	time=19.83 	sync=0.00
Evaluating rank 0  42/51  (82.4%)  coord=0.068 	train_loss= 0.030 	train_acc=99.23 	time=20.16 	sync=0.00
Evaluating rank 0  43/51  (84.3%)  coord=0.07200000000000001 	train_loss= 0.031 	train_acc=99.20 	time=19.85 	sync=0.00
Evaluating rank 0  44/51  (86.3%)  coord=0.07599999999999998 	train_loss= 0.032 	train_acc=99.20 	time=19.85 	sync=0.00
Evaluating rank 0  45/51  (88.2%)  coord=0.07999999999999999 	train_loss= 0.033 	train_acc=99.13 	time=20.01 	sync=0.00
Evaluating rank 0  46/51  (90.2%)  coord=0.08399999999999999 	train_loss= 0.034 	train_acc=99.05 	time=19.75 	sync=0.00
Evaluating rank 0  47/51  (92.2%)  coord=0.088 	train_loss= 0.036 	train_acc=98.96 	time=19.99 	sync=0.00
Evaluating rank 0  48/51  (94.1%)  coord=0.092 	train_loss= 0.037 	train_acc=98.89 	time=20.22 	sync=0.00
Evaluating rank 0  49/51  (96.1%)  coord=0.096 	train_loss= 0.039 	train_acc=98.84 	time=19.83 	sync=0.00
Evaluating rank 0  50/51  (98.0%)  coord=0.1 	train_loss= 0.042 	train_acc=98.78 	time=19.93 	sync=0.00
Rank 0 done!  Total time: 1023.37 Sync: 0.00
------------------------------------------------------------------
plot_1d_loss_err
------------------------------------------------------------------
<KeysViewHDF5 ['dir_file', 'train_acc', 'train_loss', 'xcoordinates']>
train_loss
[0.05445588 0.05130662 0.04846558 0.04590155 0.04366135 0.0416542
 0.03984522 0.03826845 0.03682684 0.03553738 0.03436396 0.0333025
 0.03234184 0.03146031 0.03068134 0.03001123 0.02938209 0.02880446
 0.02833342 0.02784077 0.02749244 0.02712751 0.02681003 0.0265731
 0.02638801 0.0262246  0.02612026 0.0260234  0.02598517 0.02599177
 0.02602951 0.02610791 0.02625032 0.02641742 0.02663727 0.02688158
 0.02715359 0.02750163 0.0278925  0.02835448 0.02887376 0.0294642
 0.03014212 0.03096333 0.03184297 0.03293868 0.03421927 0.03569473
 0.03744452 0.03941805 0.04184369]
train_acc
[98.30969775 98.42429451 98.50307979 98.63200115 98.71794872 98.7752471
 98.83254548 98.91133075 98.94714224 98.96862914 98.99011603 99.01876522
 99.03308982 99.10471279 99.14052428 99.19782266 99.21214726 99.25512104
 99.30525713 99.31958172 99.33390632 99.3840424  99.398367   99.3840424
 99.398367   99.398367   99.3840424  99.36971781 99.36971781 99.34106861
 99.34823091 99.34106861 99.32674402 99.31958172 99.32674402 99.31958172
 99.30525713 99.30525713 99.30525713 99.28377023 99.24795875 99.24079645
 99.23363415 99.20498496 99.19782266 99.12619968 99.04741441 98.96146684
 98.88984386 98.83970778 98.7824094 ]
