direnv: loading /nas/staff/data_work/manuel/cloned_repos/visualisation/loss-landscape/.envrc
direnv: loading ~/myVisualisationEnv/.envrc
direnv: using flake path:/home/milliman/myVisualisationEnv/.nix
direnv: nix-direnv: using cached dev shell
[38;5;202m🔨 Welcome to DeepLearningGPU[0m

[1m[general commands][0m

  julia  - High-level, high-performance, dynamic language for technical computing
  menu   - prints this menu
  poetry - Python dependency management and packaging made easy.

direnv: export +CPPFLAGS +DEVSHELL_DIR +IN_NIX_SHELL +JULIA_PROJECT +LDFLAGS +NIXPKGS_PATH +POETRY_VIRTUALENVS_IN_PROJECT +PRJ_DATA_DIR +PRJ_ROOT +VIRTUAL_ENV +VIRTUAL_ENV_PROMPT +XLA_FLAGS +name ~LD_LIBRARY_PATH ~PATH ~XDG_DATA_DIRS
Rank 0 use GPU 0 of 1 GPUs on eihw-gpu7
-------------------------------------------------------------
rank: 0
-------------------------------------------------------------
/home/milliman/myVisualisationEnv/.venv/lib/python3.10/site-packages/torch/utils/data/dataloader.py:554: UserWarning: This DataLoader will create 4 worker processes in total. Our suggested max number of worker in current system is 2, which is smaller than what this DataLoader is going to create. Please be aware that excessive worker creation might get DataLoader running slow or even freeze, lower the worker number to avoid potential slowness/freeze if necessary.
  warnings.warn(_create_warning_msg(
-------------------------------------------------------------------
setup_direction
-------------------------------------------------------------------
Setting up the plotting directions...
direction file created: /nas/staff/data_work/manuel/cloned_repos/visualisation/loss-landscape/model_selection_interspeech_paper/01_interspeech_seed_2D/RQ3_UnseenDevices/cnn10_None_SGD_0-001_16_50_42_None/state.pth.tar_weights_xignore=biasbn_xnorm=filter_yignore=biasbn_ynorm=filter.h5
cosine similarity between x-axis and y-axis: -0.000125
Computing 121 values for rank 0
Evaluating rank 0  0/121  (0.0%)  coord=[-0.25 -0.25] 	train_loss= 1.118 	train_acc=69.02 	time=81.32 	sync=0.00
Evaluating rank 0  1/121  (0.8%)  coord=[-0.2  -0.25] 	train_loss= 0.812 	train_acc=75.40 	time=19.59 	sync=0.00
Evaluating rank 0  2/121  (1.7%)  coord=[-0.15 -0.25] 	train_loss= 0.608 	train_acc=80.59 	time=19.38 	sync=0.00
Evaluating rank 0  3/121  (2.5%)  coord=[-0.1  -0.25] 	train_loss= 0.474 	train_acc=84.14 	time=19.69 	sync=0.00
Evaluating rank 0  4/121  (3.3%)  coord=[-0.05 -0.25] 	train_loss= 0.397 	train_acc=86.38 	time=19.36 	sync=0.00
Evaluating rank 0  5/121  (4.1%)  coord=[ 0.   -0.25] 	train_loss= 0.377 	train_acc=86.36 	time=19.86 	sync=0.00
Evaluating rank 0  6/121  (5.0%)  coord=[ 0.05 -0.25] 	train_loss= 0.415 	train_acc=85.16 	time=19.68 	sync=0.00
Evaluating rank 0  7/121  (5.8%)  coord=[ 0.1  -0.25] 	train_loss= 0.512 	train_acc=82.33 	time=19.65 	sync=0.00
Evaluating rank 0  8/121  (6.6%)  coord=[ 0.15 -0.25] 	train_loss= 0.668 	train_acc=78.63 	time=19.96 	sync=0.00
Evaluating rank 0  9/121  (7.4%)  coord=[ 0.2  -0.25] 	train_loss= 0.895 	train_acc=72.92 	time=19.52 	sync=0.00
Evaluating rank 0  10/121  (8.3%)  coord=[ 0.25 -0.25] 	train_loss= 1.243 	train_acc=64.43 	time=19.72 	sync=0.00
Evaluating rank 0  11/121  (9.1%)  coord=[-0.25 -0.2 ] 	train_loss= 0.834 	train_acc=74.35 	time=19.85 	sync=0.00
Evaluating rank 0  12/121  (9.9%)  coord=[-0.2 -0.2] 	train_loss= 0.561 	train_acc=81.23 	time=19.56 	sync=0.00
Evaluating rank 0  13/121  (10.7%)  coord=[-0.15 -0.2 ] 	train_loss= 0.396 	train_acc=86.51 	time=19.69 	sync=0.00
Evaluating rank 0  14/121  (11.6%)  coord=[-0.1 -0.2] 	train_loss= 0.297 	train_acc=89.71 	time=20.01 	sync=0.00
Evaluating rank 0  15/121  (12.4%)  coord=[-0.05 -0.2 ] 	train_loss= 0.240 	train_acc=91.72 	time=52.97 	sync=0.00
Evaluating rank 0  16/121  (13.2%)  coord=[ 0.  -0.2] 	train_loss= 0.221 	train_acc=92.15 	time=19.72 	sync=0.00
Evaluating rank 0  17/121  (14.0%)  coord=[ 0.05 -0.2 ] 	train_loss= 0.240 	train_acc=91.37 	time=19.26 	sync=0.00
Evaluating rank 0  18/121  (14.9%)  coord=[ 0.1 -0.2] 	train_loss= 0.305 	train_acc=89.26 	time=19.59 	sync=0.00
Evaluating rank 0  19/121  (15.7%)  coord=[ 0.15 -0.2 ] 	train_loss= 0.427 	train_acc=85.42 	time=19.57 	sync=0.00
Evaluating rank 0  20/121  (16.5%)  coord=[ 0.2 -0.2] 	train_loss= 0.618 	train_acc=79.77 	time=19.63 	sync=0.00
Evaluating rank 0  21/121  (17.4%)  coord=[ 0.25 -0.2 ] 	train_loss= 0.926 	train_acc=71.45 	time=19.68 	sync=0.00
Evaluating rank 0  22/121  (18.2%)  coord=[-0.25 -0.15] 	train_loss= 0.638 	train_acc=78.55 	time=19.56 	sync=0.00
Evaluating rank 0  23/121  (19.0%)  coord=[-0.2  -0.15] 	train_loss= 0.398 	train_acc=85.76 	time=19.63 	sync=0.00
Evaluating rank 0  24/121  (19.8%)  coord=[-0.15 -0.15] 	train_loss= 0.264 	train_acc=90.56 	time=19.52 	sync=0.00
Evaluating rank 0  25/121  (20.7%)  coord=[-0.1  -0.15] 	train_loss= 0.192 	train_acc=93.19 	time=19.75 	sync=0.00
Evaluating rank 0  26/121  (21.5%)  coord=[-0.05 -0.15] 	train_loss= 0.154 	train_acc=94.73 	time=19.64 	sync=0.00
Evaluating rank 0  27/121  (22.3%)  coord=[ 0.   -0.15] 	train_loss= 0.139 	train_acc=95.52 	time=20.01 	sync=0.00
Evaluating rank 0  28/121  (23.1%)  coord=[ 0.05 -0.15] 	train_loss= 0.147 	train_acc=95.17 	time=19.87 	sync=0.00
Evaluating rank 0  29/121  (24.0%)  coord=[ 0.1  -0.15] 	train_loss= 0.184 	train_acc=93.57 	time=19.54 	sync=0.00
Evaluating rank 0  30/121  (24.8%)  coord=[ 0.15 -0.15] 	train_loss= 0.266 	train_acc=90.57 	time=19.69 	sync=0.00
Evaluating rank 0  31/121  (25.6%)  coord=[ 0.2  -0.15] 	train_loss= 0.414 	train_acc=85.34 	time=19.57 	sync=0.00
Evaluating rank 0  32/121  (26.4%)  coord=[ 0.25 -0.15] 	train_loss= 0.675 	train_acc=77.19 	time=19.73 	sync=0.00
Evaluating rank 0  33/121  (27.3%)  coord=[-0.25 -0.1 ] 	train_loss= 0.519 	train_acc=81.66 	time=19.48 	sync=0.00
Evaluating rank 0  34/121  (28.1%)  coord=[-0.2 -0.1] 	train_loss= 0.307 	train_acc=88.64 	time=19.79 	sync=0.00
Evaluating rank 0  35/121  (28.9%)  coord=[-0.15 -0.1 ] 	train_loss= 0.197 	train_acc=92.90 	time=19.74 	sync=0.00
Evaluating rank 0  36/121  (29.8%)  coord=[-0.1 -0.1] 	train_loss= 0.141 	train_acc=95.24 	time=19.30 	sync=0.00
Evaluating rank 0  37/121  (30.6%)  coord=[-0.05 -0.1 ] 	train_loss= 0.115 	train_acc=96.37 	time=19.92 	sync=0.00
Evaluating rank 0  38/121  (31.4%)  coord=[ 0.  -0.1] 	train_loss= 0.106 	train_acc=96.95 	time=19.67 	sync=0.00
Evaluating rank 0  39/121  (32.2%)  coord=[ 0.05 -0.1 ] 	train_loss= 0.109 	train_acc=96.89 	time=19.49 	sync=0.00
Evaluating rank 0  40/121  (33.1%)  coord=[ 0.1 -0.1] 	train_loss= 0.130 	train_acc=95.96 	time=19.66 	sync=0.00
Evaluating rank 0  41/121  (33.9%)  coord=[ 0.15 -0.1 ] 	train_loss= 0.181 	train_acc=94.01 	time=19.74 	sync=0.00
Evaluating rank 0  42/121  (34.7%)  coord=[ 0.2 -0.1] 	train_loss= 0.287 	train_acc=89.61 	time=19.53 	sync=0.00
Evaluating rank 0  43/121  (35.5%)  coord=[ 0.25 -0.1 ] 	train_loss= 0.497 	train_acc=82.00 	time=19.83 	sync=0.00
Evaluating rank 0  44/121  (36.4%)  coord=[-0.25 -0.05] 	train_loss= 0.466 	train_acc=83.26 	time=19.95 	sync=0.00
Evaluating rank 0  45/121  (37.2%)  coord=[-0.2  -0.05] 	train_loss= 0.271 	train_acc=90.02 	time=19.65 	sync=0.00
Evaluating rank 0  46/121  (38.0%)  coord=[-0.15 -0.05] 	train_loss= 0.173 	train_acc=93.88 	time=19.49 	sync=0.00
Evaluating rank 0  47/121  (38.8%)  coord=[-0.1  -0.05] 	train_loss= 0.126 	train_acc=96.00 	time=19.81 	sync=0.00
Evaluating rank 0  48/121  (39.7%)  coord=[-0.05 -0.05] 	train_loss= 0.105 	train_acc=96.95 	time=19.32 	sync=0.00
Evaluating rank 0  49/121  (40.5%)  coord=[ 0.   -0.05] 	train_loss= 0.097 	train_acc=97.31 	time=19.47 	sync=0.00
Evaluating rank 0  50/121  (41.3%)  coord=[ 0.05 -0.05] 	train_loss= 0.100 	train_acc=97.16 	time=19.52 	sync=0.00
Evaluating rank 0  51/121  (42.1%)  coord=[ 0.1  -0.05] 	train_loss= 0.116 	train_acc=96.57 	time=52.17 	sync=0.00
Evaluating rank 0  52/121  (43.0%)  coord=[ 0.15 -0.05] 	train_loss= 0.152 	train_acc=95.04 	time=21.02 	sync=0.00
Evaluating rank 0  53/121  (43.8%)  coord=[ 0.2  -0.05] 	train_loss= 0.230 	train_acc=91.77 	time=19.53 	sync=0.00
Evaluating rank 0  54/121  (44.6%)  coord=[ 0.25 -0.05] 	train_loss= 0.395 	train_acc=84.96 	time=19.70 	sync=0.00
Evaluating rank 0  55/121  (45.5%)  coord=[-0.25  0.  ] 	train_loss= 0.469 	train_acc=83.20 	time=19.47 	sync=0.00
Evaluating rank 0  56/121  (46.3%)  coord=[-0.2  0. ] 	train_loss= 0.275 	train_acc=90.02 	time=19.81 	sync=0.00
Evaluating rank 0  57/121  (47.1%)  coord=[-0.15  0.  ] 	train_loss= 0.178 	train_acc=93.82 	time=19.57 	sync=0.00
Evaluating rank 0  58/121  (47.9%)  coord=[-0.1  0. ] 	train_loss= 0.132 	train_acc=95.83 	time=19.83 	sync=0.00
Evaluating rank 0  59/121  (48.8%)  coord=[-0.05  0.  ] 	train_loss= 0.111 	train_acc=96.58 	time=19.66 	sync=0.00
Evaluating rank 0  60/121  (49.6%)  coord=[0. 0.] 	train_loss= 0.105 	train_acc=96.87 	time=19.39 	sync=0.00
Evaluating rank 0  61/121  (50.4%)  coord=[0.05 0.  ] 	train_loss= 0.109 	train_acc=96.66 	time=19.55 	sync=0.00
Evaluating rank 0  62/121  (51.2%)  coord=[0.1 0. ] 	train_loss= 0.125 	train_acc=96.05 	time=19.81 	sync=0.00
Evaluating rank 0  63/121  (52.1%)  coord=[0.15 0.  ] 	train_loss= 0.159 	train_acc=94.51 	time=19.45 	sync=0.00
Evaluating rank 0  64/121  (52.9%)  coord=[0.2 0. ] 	train_loss= 0.226 	train_acc=91.73 	time=19.51 	sync=0.00
Evaluating rank 0  65/121  (53.7%)  coord=[0.25 0.  ] 	train_loss= 0.368 	train_acc=85.68 	time=19.54 	sync=0.00
Evaluating rank 0  66/121  (54.5%)  coord=[-0.25  0.05] 	train_loss= 0.521 	train_acc=81.86 	time=19.68 	sync=0.00
Evaluating rank 0  67/121  (55.4%)  coord=[-0.2   0.05] 	train_loss= 0.314 	train_acc=88.73 	time=19.71 	sync=0.00
Evaluating rank 0  68/121  (56.2%)  coord=[-0.15  0.05] 	train_loss= 0.208 	train_acc=92.62 	time=19.70 	sync=0.00
Evaluating rank 0  69/121  (57.0%)  coord=[-0.1   0.05] 	train_loss= 0.156 	train_acc=94.66 	time=19.69 	sync=0.00
Evaluating rank 0  70/121  (57.9%)  coord=[-0.05  0.05] 	train_loss= 0.133 	train_acc=95.61 	time=19.57 	sync=0.00
Evaluating rank 0  71/121  (58.7%)  coord=[0.   0.05] 	train_loss= 0.127 	train_acc=95.89 	time=19.80 	sync=0.00
Evaluating rank 0  72/121  (59.5%)  coord=[0.05 0.05] 	train_loss= 0.134 	train_acc=95.57 	time=19.58 	sync=0.00
Evaluating rank 0  73/121  (60.3%)  coord=[0.1  0.05] 	train_loss= 0.154 	train_acc=94.71 	time=19.60 	sync=0.00
Evaluating rank 0  74/121  (61.2%)  coord=[0.15 0.05] 	train_loss= 0.193 	train_acc=92.74 	time=19.68 	sync=0.00
Evaluating rank 0  75/121  (62.0%)  coord=[0.2  0.05] 	train_loss= 0.264 	train_acc=89.83 	time=19.80 	sync=0.00
Evaluating rank 0  76/121  (62.8%)  coord=[0.25 0.05] 	train_loss= 0.399 	train_acc=84.46 	time=19.58 	sync=0.00
Evaluating rank 0  77/121  (63.6%)  coord=[-0.25  0.1 ] 	train_loss= 0.624 	train_acc=79.19 	time=19.55 	sync=0.00
Evaluating rank 0  78/121  (64.5%)  coord=[-0.2  0.1] 	train_loss= 0.395 	train_acc=85.85 	time=19.71 	sync=0.00
Evaluating rank 0  79/121  (65.3%)  coord=[-0.15  0.1 ] 	train_loss= 0.269 	train_acc=90.36 	time=19.76 	sync=0.00
Evaluating rank 0  80/121  (66.1%)  coord=[-0.1  0.1] 	train_loss= 0.205 	train_acc=92.64 	time=19.73 	sync=0.00
Evaluating rank 0  81/121  (66.9%)  coord=[-0.05  0.1 ] 	train_loss= 0.177 	train_acc=93.80 	time=19.88 	sync=0.00
Evaluating rank 0  82/121  (67.8%)  coord=[0.  0.1] 	train_loss= 0.172 	train_acc=94.05 	time=19.64 	sync=0.00
Evaluating rank 0  83/121  (68.6%)  coord=[0.05 0.1 ] 	train_loss= 0.183 	train_acc=93.48 	time=19.85 	sync=0.00
Evaluating rank 0  84/121  (69.4%)  coord=[0.1 0.1] 	train_loss= 0.210 	train_acc=92.26 	time=19.73 	sync=0.00
Evaluating rank 0  85/121  (70.2%)  coord=[0.15 0.1 ] 	train_loss= 0.259 	train_acc=89.89 	time=19.74 	sync=0.00
Evaluating rank 0  86/121  (71.1%)  coord=[0.2 0.1] 	train_loss= 0.340 	train_acc=86.74 	time=19.44 	sync=0.00
Evaluating rank 0  87/121  (71.9%)  coord=[0.25 0.1 ] 	train_loss= 0.480 	train_acc=81.49 	time=19.61 	sync=0.00
Evaluating rank 0  88/121  (72.7%)  coord=[-0.25  0.15] 	train_loss= 0.785 	train_acc=75.13 	time=19.62 	sync=0.00
Evaluating rank 0  89/121  (73.6%)  coord=[-0.2   0.15] 	train_loss= 0.531 	train_acc=81.80 	time=19.86 	sync=0.00
Evaluating rank 0  90/121  (74.4%)  coord=[-0.15  0.15] 	train_loss= 0.376 	train_acc=86.44 	time=19.56 	sync=0.00
Evaluating rank 0  91/121  (75.2%)  coord=[-0.1   0.15] 	train_loss= 0.294 	train_acc=89.39 	time=19.81 	sync=0.00
Evaluating rank 0  92/121  (76.0%)  coord=[-0.05  0.15] 	train_loss= 0.257 	train_acc=90.72 	time=19.94 	sync=0.00
Evaluating rank 0  93/121  (76.9%)  coord=[0.   0.15] 	train_loss= 0.250 	train_acc=91.02 	time=19.56 	sync=0.00
Evaluating rank 0  94/121  (77.7%)  coord=[0.05 0.15] 	train_loss= 0.267 	train_acc=90.31 	time=19.96 	sync=0.00
Evaluating rank 0  95/121  (78.5%)  coord=[0.1  0.15] 	train_loss= 0.305 	train_acc=88.60 	time=19.57 	sync=0.00
Evaluating rank 0  96/121  (79.3%)  coord=[0.15 0.15] 	train_loss= 0.367 	train_acc=86.24 	time=20.02 	sync=0.00
Evaluating rank 0  97/121  (80.2%)  coord=[0.2  0.15] 	train_loss= 0.460 	train_acc=82.52 	time=19.48 	sync=0.00
Evaluating rank 0  98/121  (81.0%)  coord=[0.25 0.15] 	train_loss= 0.606 	train_acc=77.30 	time=19.63 	sync=0.00
Evaluating rank 0  99/121  (81.8%)  coord=[-0.25  0.2 ] 	train_loss= 1.012 	train_acc=69.88 	time=19.64 	sync=0.00
Evaluating rank 0  100/121  (82.6%)  coord=[-0.2  0.2] 	train_loss= 0.740 	train_acc=76.00 	time=19.53 	sync=0.00
Evaluating rank 0  101/121  (83.5%)  coord=[-0.15  0.2 ] 	train_loss= 0.559 	train_acc=80.68 	time=19.73 	sync=0.00
Evaluating rank 0  102/121  (84.3%)  coord=[-0.1  0.2] 	train_loss= 0.451 	train_acc=83.84 	time=19.89 	sync=0.00
Evaluating rank 0  103/121  (85.1%)  coord=[-0.05  0.2 ] 	train_loss= 0.399 	train_acc=85.74 	time=19.60 	sync=0.00
Evaluating rank 0  104/121  (86.0%)  coord=[0.  0.2] 	train_loss= 0.388 	train_acc=85.98 	time=19.63 	sync=0.00
Evaluating rank 0  105/121  (86.8%)  coord=[0.05 0.2 ] 	train_loss= 0.410 	train_acc=85.25 	time=19.52 	sync=0.00
Evaluating rank 0  106/121  (87.6%)  coord=[0.1 0.2] 	train_loss= 0.461 	train_acc=83.33 	time=19.61 	sync=0.00
Evaluating rank 0  107/121  (88.4%)  coord=[0.15 0.2 ] 	train_loss= 0.537 	train_acc=80.91 	time=19.69 	sync=0.00
Evaluating rank 0  108/121  (89.3%)  coord=[0.2 0.2] 	train_loss= 0.640 	train_acc=77.24 	time=19.60 	sync=0.00
Evaluating rank 0  109/121  (90.1%)  coord=[0.25 0.2 ] 	train_loss= 0.786 	train_acc=72.17 	time=19.86 	sync=0.00
Evaluating rank 0  110/121  (90.9%)  coord=[-0.25  0.25] 	train_loss= 1.327 	train_acc=63.35 	time=19.86 	sync=0.00
Evaluating rank 0  111/121  (91.7%)  coord=[-0.2   0.25] 	train_loss= 1.055 	train_acc=68.51 	time=19.74 	sync=0.00
Evaluating rank 0  112/121  (92.6%)  coord=[-0.15  0.25] 	train_loss= 0.863 	train_acc=72.73 	time=19.91 	sync=0.00
Evaluating rank 0  113/121  (93.4%)  coord=[-0.1   0.25] 	train_loss= 0.736 	train_acc=75.69 	time=19.59 	sync=0.00
Evaluating rank 0  114/121  (94.2%)  coord=[-0.05  0.25] 	train_loss= 0.666 	train_acc=77.47 	time=19.64 	sync=0.00
Evaluating rank 0  115/121  (95.0%)  coord=[0.   0.25] 	train_loss= 0.646 	train_acc=78.10 	time=19.94 	sync=0.00
Evaluating rank 0  116/121  (95.9%)  coord=[0.05 0.25] 	train_loss= 0.669 	train_acc=77.77 	time=19.56 	sync=0.00
Evaluating rank 0  117/121  (96.7%)  coord=[0.1  0.25] 	train_loss= 0.727 	train_acc=76.15 	time=19.76 	sync=0.00
Evaluating rank 0  118/121  (97.5%)  coord=[0.15 0.25] 	train_loss= 0.809 	train_acc=74.07 	time=19.73 	sync=0.00
Evaluating rank 0  119/121  (98.3%)  coord=[0.2  0.25] 	train_loss= 0.906 	train_acc=71.08 	time=19.50 	sync=0.00
Evaluating rank 0  120/121  (99.2%)  coord=[0.25 0.25] 	train_loss= 1.032 	train_acc=66.84 	time=19.68 	sync=0.00
Rank 0 done!  Total time: 2540.96 Sync: 0.00
------------------------------------------------------------------
plot_2d_contour
------------------------------------------------------------------
loading surface file: /nas/staff/data_work/manuel/cloned_repos/visualisation/loss-landscape/model_selection_interspeech_paper/01_interspeech_seed_2D/RQ3_UnseenDevices/cnn10_None_SGD_0-001_16_50_42_None/state.pth.tar_weights_xignore=biasbn_xnorm=filter_yignore=biasbn_ynorm=filter.h5_[-0.25,0.25,11]x[-0.25,0.25,11]_train.h5
len(xcoordinates): 11   len(ycoordinates): 11
max(train_loss) = 1.326987 	 min(train_loss) = 0.097247
[[1.11788127 0.81210824 0.60826976 0.47403467 0.39740797 0.37687198
  0.41454995 0.51233589 0.66789991 0.89486769 1.24326705]
 [0.83376557 0.56123899 0.39571179 0.29675421 0.24031024 0.22077783
  0.23988464 0.30531884 0.42665396 0.61788261 0.92576858]
 [0.63750005 0.39785456 0.26436431 0.19235993 0.1543934  0.13948251
  0.14724237 0.18442044 0.26592813 0.41438641 0.67518316]
 [0.518915   0.3068422  0.19657591 0.14149497 0.11535975 0.10562063
  0.10906329 0.12981173 0.18076462 0.28666171 0.49670607]
 [0.46633702 0.27099508 0.17302393 0.12585899 0.10452675 0.09724736
  0.10037718 0.11561832 0.15201573 0.23006909 0.39539308]
 [0.46894898 0.27462627 0.17827285 0.13173013 0.11104949 0.10468352
  0.10892791 0.12493971 0.1586866  0.22636924 0.36756971]
 [0.52075867 0.31412671 0.20833672 0.15614789 0.13318266 0.1273784
  0.13436451 0.15446189 0.19328857 0.2639845  0.39895729]
 [0.62423434 0.39493193 0.26937268 0.20541091 0.17739999 0.171688
  0.18280309 0.21026618 0.25879664 0.34005565 0.48046851]
 [0.78545303 0.53064899 0.37638899 0.29389813 0.25687102 0.25007816
  0.26652206 0.30467151 0.36666806 0.45976057 0.60554172]
 [1.01223954 0.74046393 0.55935621 0.45118396 0.39912605 0.38840133
  0.40999785 0.46084208 0.53747024 0.63961813 0.78606328]
 [1.32698743 1.05547333 0.86267567 0.73583239 0.66641518 0.64618991
  0.66873283 0.72694416 0.80892304 0.90647777 1.03179013]]
/nas/staff/data_work/manuel/cloned_repos/visualisation/loss-landscape/model_selection_interspeech_paper/01_interspeech_seed_2D/RQ3_UnseenDevices/cnn10_None_SGD_0-001_16_50_42_None/state.pth.tar_weights_xignore=biasbn_xnorm=filter_yignore=biasbn_ynorm=filter.h5_[-0.25,0.25,11]x[-0.25,0.25,11]_train.h5_train_loss_2dcontourf_train.pdf
Rank 0 use GPU 0 of 1 GPUs on eihw-gpu7
-------------------------------------------------------------
rank: 0
-------------------------------------------------------------
/home/milliman/myVisualisationEnv/.venv/lib/python3.10/site-packages/torch/utils/data/dataloader.py:554: UserWarning: This DataLoader will create 4 worker processes in total. Our suggested max number of worker in current system is 2, which is smaller than what this DataLoader is going to create. Please be aware that excessive worker creation might get DataLoader running slow or even freeze, lower the worker number to avoid potential slowness/freeze if necessary.
  warnings.warn(_create_warning_msg(
-------------------------------------------------------------------
setup_direction
-------------------------------------------------------------------
Setting up the plotting directions...
direction file created: /nas/staff/data_work/manuel/cloned_repos/visualisation/loss-landscape/model_selection_interspeech_paper/01_interspeech_seed_2D/RQ3_UnseenDevices/cnn14_None_Adam_0-0001_16_50_44_None/state.pth.tar_weights_xignore=biasbn_xnorm=filter_yignore=biasbn_ynorm=filter.h5
cosine similarity between x-axis and y-axis: 0.000370
Computing 121 values for rank 0
Evaluating rank 0  0/121  (0.0%)  coord=[-0.25 -0.25] 	train_loss= 1.114 	train_acc=68.20 	time=23.47 	sync=0.00
Evaluating rank 0  1/121  (0.8%)  coord=[-0.2  -0.25] 	train_loss= 0.836 	train_acc=74.29 	time=22.94 	sync=0.00
Evaluating rank 0  2/121  (1.7%)  coord=[-0.15 -0.25] 	train_loss= 0.610 	train_acc=79.52 	time=23.45 	sync=0.00
Evaluating rank 0  3/121  (2.5%)  coord=[-0.1  -0.25] 	train_loss= 0.456 	train_acc=83.88 	time=23.28 	sync=0.00
Evaluating rank 0  4/121  (3.3%)  coord=[-0.05 -0.25] 	train_loss= 0.394 	train_acc=86.11 	time=23.40 	sync=0.00
Evaluating rank 0  5/121  (4.1%)  coord=[ 0.   -0.25] 	train_loss= 0.404 	train_acc=86.17 	time=23.37 	sync=0.00
Evaluating rank 0  6/121  (5.0%)  coord=[ 0.05 -0.25] 	train_loss= 0.471 	train_acc=83.98 	time=23.42 	sync=0.00
Evaluating rank 0  7/121  (5.8%)  coord=[ 0.1  -0.25] 	train_loss= 0.595 	train_acc=79.93 	time=23.12 	sync=0.00
Evaluating rank 0  8/121  (6.6%)  coord=[ 0.15 -0.25] 	train_loss= 0.781 	train_acc=74.93 	time=23.26 	sync=0.00
Evaluating rank 0  9/121  (7.4%)  coord=[ 0.2  -0.25] 	train_loss= 1.031 	train_acc=69.00 	time=23.44 	sync=0.00
Evaluating rank 0  10/121  (8.3%)  coord=[ 0.25 -0.25] 	train_loss= 1.337 	train_acc=63.31 	time=23.27 	sync=0.00
Evaluating rank 0  11/121  (9.1%)  coord=[-0.25 -0.2 ] 	train_loss= 0.934 	train_acc=72.47 	time=23.30 	sync=0.00
Evaluating rank 0  12/121  (9.9%)  coord=[-0.2 -0.2] 	train_loss= 0.676 	train_acc=78.49 	time=23.59 	sync=0.00
Evaluating rank 0  13/121  (10.7%)  coord=[-0.15 -0.2 ] 	train_loss= 0.469 	train_acc=83.79 	time=23.38 	sync=0.00
Evaluating rank 0  14/121  (11.6%)  coord=[-0.1 -0.2] 	train_loss= 0.334 	train_acc=88.06 	time=23.01 	sync=0.00
Evaluating rank 0  15/121  (12.4%)  coord=[-0.05 -0.2 ] 	train_loss= 0.283 	train_acc=90.01 	time=23.43 	sync=0.00
Evaluating rank 0  16/121  (13.2%)  coord=[ 0.  -0.2] 	train_loss= 0.289 	train_acc=89.97 	time=23.42 	sync=0.00
Evaluating rank 0  17/121  (14.0%)  coord=[ 0.05 -0.2 ] 	train_loss= 0.338 	train_acc=88.01 	time=23.17 	sync=0.00
Evaluating rank 0  18/121  (14.9%)  coord=[ 0.1 -0.2] 	train_loss= 0.433 	train_acc=85.24 	time=23.31 	sync=0.00
Evaluating rank 0  19/121  (15.7%)  coord=[ 0.15 -0.2 ] 	train_loss= 0.584 	train_acc=80.65 	time=23.23 	sync=0.00
Evaluating rank 0  20/121  (16.5%)  coord=[ 0.2 -0.2] 	train_loss= 0.797 	train_acc=74.85 	time=23.45 	sync=0.00
Evaluating rank 0  21/121  (17.4%)  coord=[ 0.25 -0.2 ] 	train_loss= 1.070 	train_acc=68.59 	time=22.89 	sync=0.00
Evaluating rank 0  22/121  (18.2%)  coord=[-0.25 -0.15] 	train_loss= 0.793 	train_acc=75.98 	time=23.60 	sync=0.00
Evaluating rank 0  23/121  (19.0%)  coord=[-0.2  -0.15] 	train_loss= 0.555 	train_acc=82.02 	time=23.43 	sync=0.00
Evaluating rank 0  24/121  (19.8%)  coord=[-0.15 -0.15] 	train_loss= 0.369 	train_acc=87.02 	time=23.26 	sync=0.00
Evaluating rank 0  25/121  (20.7%)  coord=[-0.1  -0.15] 	train_loss= 0.255 	train_acc=90.98 	time=23.40 	sync=0.00
Evaluating rank 0  26/121  (21.5%)  coord=[-0.05 -0.15] 	train_loss= 0.215 	train_acc=92.62 	time=22.71 	sync=0.00
Evaluating rank 0  27/121  (22.3%)  coord=[ 0.   -0.15] 	train_loss= 0.217 	train_acc=92.54 	time=23.50 	sync=0.00
Evaluating rank 0  28/121  (23.1%)  coord=[ 0.05 -0.15] 	train_loss= 0.250 	train_acc=91.25 	time=23.28 	sync=0.00
Evaluating rank 0  29/121  (24.0%)  coord=[ 0.1  -0.15] 	train_loss= 0.320 	train_acc=88.75 	time=23.43 	sync=0.00
Evaluating rank 0  30/121  (24.8%)  coord=[ 0.15 -0.15] 	train_loss= 0.438 	train_acc=84.85 	time=23.49 	sync=0.00
Evaluating rank 0  31/121  (25.6%)  coord=[ 0.2  -0.15] 	train_loss= 0.615 	train_acc=79.66 	time=23.64 	sync=0.00
Evaluating rank 0  32/121  (26.4%)  coord=[ 0.25 -0.15] 	train_loss= 0.854 	train_acc=73.69 	time=23.10 	sync=0.00
Evaluating rank 0  33/121  (27.3%)  coord=[-0.25 -0.1 ] 	train_loss= 0.683 	train_acc=79.04 	time=23.23 	sync=0.00
Evaluating rank 0  34/121  (28.1%)  coord=[-0.2 -0.1] 	train_loss= 0.469 	train_acc=84.81 	time=23.39 	sync=0.00
Evaluating rank 0  35/121  (28.9%)  coord=[-0.15 -0.1 ] 	train_loss= 0.306 	train_acc=89.34 	time=22.88 	sync=0.00
Evaluating rank 0  36/121  (29.8%)  coord=[-0.1 -0.1] 	train_loss= 0.212 	train_acc=92.65 	time=23.10 	sync=0.00
Evaluating rank 0  37/121  (30.6%)  coord=[-0.05 -0.1 ] 	train_loss= 0.181 	train_acc=93.85 	time=23.20 	sync=0.00
Evaluating rank 0  38/121  (31.4%)  coord=[ 0.  -0.1] 	train_loss= 0.180 	train_acc=94.10 	time=23.38 	sync=0.00
Evaluating rank 0  39/121  (32.2%)  coord=[ 0.05 -0.1 ] 	train_loss= 0.202 	train_acc=93.08 	time=23.20 	sync=0.00
Evaluating rank 0  40/121  (33.1%)  coord=[ 0.1 -0.1] 	train_loss= 0.253 	train_acc=90.93 	time=23.30 	sync=0.00
Evaluating rank 0  41/121  (33.9%)  coord=[ 0.15 -0.1 ] 	train_loss= 0.344 	train_acc=87.93 	time=23.33 	sync=0.00
Evaluating rank 0  42/121  (34.7%)  coord=[ 0.2 -0.1] 	train_loss= 0.490 	train_acc=83.36 	time=22.96 	sync=0.00
Evaluating rank 0  43/121  (35.5%)  coord=[ 0.25 -0.1 ] 	train_loss= 0.701 	train_acc=77.60 	time=23.14 	sync=0.00
Evaluating rank 0  44/121  (36.4%)  coord=[-0.25 -0.05] 	train_loss= 0.602 	train_acc=81.50 	time=23.15 	sync=0.00
Evaluating rank 0  45/121  (37.2%)  coord=[-0.2  -0.05] 	train_loss= 0.416 	train_acc=86.67 	time=23.38 	sync=0.00
Evaluating rank 0  46/121  (38.0%)  coord=[-0.15 -0.05] 	train_loss= 0.274 	train_acc=90.49 	time=23.31 	sync=0.00
Evaluating rank 0  47/121  (38.8%)  coord=[-0.1  -0.05] 	train_loss= 0.193 	train_acc=93.34 	time=23.18 	sync=0.00
Evaluating rank 0  48/121  (39.7%)  coord=[-0.05 -0.05] 	train_loss= 0.168 	train_acc=94.31 	time=23.45 	sync=0.00
Evaluating rank 0  49/121  (40.5%)  coord=[ 0.   -0.05] 	train_loss= 0.168 	train_acc=94.46 	time=23.38 	sync=0.00
Evaluating rank 0  50/121  (41.3%)  coord=[ 0.05 -0.05] 	train_loss= 0.185 	train_acc=93.85 	time=23.06 	sync=0.00
Evaluating rank 0  51/121  (42.1%)  coord=[ 0.1  -0.05] 	train_loss= 0.224 	train_acc=92.12 	time=23.13 	sync=0.00
Evaluating rank 0  52/121  (43.0%)  coord=[ 0.15 -0.05] 	train_loss= 0.297 	train_acc=89.31 	time=23.03 	sync=0.00
Evaluating rank 0  53/121  (43.8%)  coord=[ 0.2  -0.05] 	train_loss= 0.423 	train_acc=85.45 	time=23.36 	sync=0.00
Evaluating rank 0  54/121  (44.6%)  coord=[ 0.25 -0.05] 	train_loss= 0.615 	train_acc=80.06 	time=23.26 	sync=0.00
Evaluating rank 0  55/121  (45.5%)  coord=[-0.25  0.  ] 	train_loss= 0.549 	train_acc=82.87 	time=22.86 	sync=0.00
Evaluating rank 0  56/121  (46.3%)  coord=[-0.2  0. ] 	train_loss= 0.388 	train_acc=87.47 	time=23.38 	sync=0.00
Evaluating rank 0  57/121  (47.1%)  coord=[-0.15  0.  ] 	train_loss= 0.268 	train_acc=90.55 	time=22.96 	sync=0.00
Evaluating rank 0  58/121  (47.9%)  coord=[-0.1  0. ] 	train_loss= 0.195 	train_acc=93.37 	time=23.26 	sync=0.00
Evaluating rank 0  59/121  (48.8%)  coord=[-0.05  0.  ] 	train_loss= 0.170 	train_acc=94.33 	time=23.50 	sync=0.00
Evaluating rank 0  60/121  (49.6%)  coord=[0. 0.] 	train_loss= 0.169 	train_acc=94.38 	time=23.12 	sync=0.00
Evaluating rank 0  61/121  (50.4%)  coord=[0.05 0.  ] 	train_loss= 0.184 	train_acc=93.76 	time=23.00 	sync=0.00
Evaluating rank 0  62/121  (51.2%)  coord=[0.1 0. ] 	train_loss= 0.219 	train_acc=92.33 	time=23.04 	sync=0.00
Evaluating rank 0  63/121  (52.1%)  coord=[0.15 0.  ] 	train_loss= 0.288 	train_acc=89.71 	time=23.12 	sync=0.00
Evaluating rank 0  64/121  (52.9%)  coord=[0.2 0. ] 	train_loss= 0.407 	train_acc=86.18 	time=23.11 	sync=0.00
Evaluating rank 0  65/121  (53.7%)  coord=[0.25 0.  ] 	train_loss= 0.591 	train_acc=81.03 	time=23.19 	sync=0.00
Evaluating rank 0  66/121  (54.5%)  coord=[-0.25  0.05] 	train_loss= 0.518 	train_acc=83.25 	time=23.23 	sync=0.00
Evaluating rank 0  67/121  (55.4%)  coord=[-0.2   0.05] 	train_loss= 0.384 	train_acc=87.24 	time=23.00 	sync=0.00
Evaluating rank 0  68/121  (56.2%)  coord=[-0.15  0.05] 	train_loss= 0.285 	train_acc=90.06 	time=23.37 	sync=0.00
Evaluating rank 0  69/121  (57.0%)  coord=[-0.1   0.05] 	train_loss= 0.218 	train_acc=92.49 	time=23.74 	sync=0.00
Evaluating rank 0  70/121  (57.9%)  coord=[-0.05  0.05] 	train_loss= 0.187 	train_acc=93.78 	time=23.20 	sync=0.00
Evaluating rank 0  71/121  (58.7%)  coord=[0.   0.05] 	train_loss= 0.182 	train_acc=93.85 	time=23.21 	sync=0.00
Evaluating rank 0  72/121  (59.5%)  coord=[0.05 0.05] 	train_loss= 0.197 	train_acc=93.22 	time=23.48 	sync=0.00
Evaluating rank 0  73/121  (60.3%)  coord=[0.1  0.05] 	train_loss= 0.235 	train_acc=91.71 	time=23.38 	sync=0.00
Evaluating rank 0  74/121  (61.2%)  coord=[0.15 0.05] 	train_loss= 0.308 	train_acc=89.26 	time=23.14 	sync=0.00
Evaluating rank 0  75/121  (62.0%)  coord=[0.2  0.05] 	train_loss= 0.433 	train_acc=85.46 	time=23.71 	sync=0.00
Evaluating rank 0  76/121  (62.8%)  coord=[0.25 0.05] 	train_loss= 0.616 	train_acc=80.38 	time=23.31 	sync=0.00
Evaluating rank 0  77/121  (63.6%)  coord=[-0.25  0.1 ] 	train_loss= 0.511 	train_acc=82.85 	time=23.15 	sync=0.00
Evaluating rank 0  78/121  (64.5%)  coord=[-0.2  0.1] 	train_loss= 0.401 	train_acc=86.28 	time=23.26 	sync=0.00
Evaluating rank 0  79/121  (65.3%)  coord=[-0.15  0.1 ] 	train_loss= 0.324 	train_acc=88.73 	time=23.18 	sync=0.00
Evaluating rank 0  80/121  (66.1%)  coord=[-0.1  0.1] 	train_loss= 0.266 	train_acc=90.67 	time=23.34 	sync=0.00
Evaluating rank 0  81/121  (66.9%)  coord=[-0.05  0.1 ] 	train_loss= 0.228 	train_acc=92.03 	time=23.41 	sync=0.00
Evaluating rank 0  82/121  (67.8%)  coord=[0.  0.1] 	train_loss= 0.214 	train_acc=92.54 	time=23.17 	sync=0.00
Evaluating rank 0  83/121  (68.6%)  coord=[0.05 0.1 ] 	train_loss= 0.228 	train_acc=91.84 	time=23.22 	sync=0.00
Evaluating rank 0  84/121  (69.4%)  coord=[0.1 0.1] 	train_loss= 0.274 	train_acc=90.23 	time=23.30 	sync=0.00
Evaluating rank 0  85/121  (70.2%)  coord=[0.15 0.1 ] 	train_loss= 0.361 	train_acc=87.59 	time=22.91 	sync=0.00
Evaluating rank 0  86/121  (71.1%)  coord=[0.2 0.1] 	train_loss= 0.498 	train_acc=83.63 	time=23.03 	sync=0.00
Evaluating rank 0  87/121  (71.9%)  coord=[0.25 0.1 ] 	train_loss= 0.680 	train_acc=78.90 	time=23.62 	sync=0.00
Evaluating rank 0  88/121  (72.7%)  coord=[-0.25  0.15] 	train_loss= 0.527 	train_acc=82.03 	time=22.98 	sync=0.00
Evaluating rank 0  89/121  (73.6%)  coord=[-0.2   0.15] 	train_loss= 0.445 	train_acc=84.79 	time=23.23 	sync=0.00
Evaluating rank 0  90/121  (74.4%)  coord=[-0.15  0.15] 	train_loss= 0.390 	train_acc=86.64 	time=23.12 	sync=0.00
Evaluating rank 0  91/121  (75.2%)  coord=[-0.1   0.15] 	train_loss= 0.344 	train_acc=88.34 	time=22.90 	sync=0.00
Evaluating rank 0  92/121  (76.0%)  coord=[-0.05  0.15] 	train_loss= 0.304 	train_acc=89.58 	time=23.60 	sync=0.00
Evaluating rank 0  93/121  (76.9%)  coord=[0.   0.15] 	train_loss= 0.284 	train_acc=90.04 	time=23.02 	sync=0.00
Evaluating rank 0  94/121  (77.7%)  coord=[0.05 0.15] 	train_loss= 0.296 	train_acc=89.44 	time=23.24 	sync=0.00
Evaluating rank 0  95/121  (78.5%)  coord=[0.1  0.15] 	train_loss= 0.352 	train_acc=87.77 	time=24.62 	sync=0.00
Evaluating rank 0  96/121  (79.3%)  coord=[0.15 0.15] 	train_loss= 0.455 	train_acc=84.64 	time=23.46 	sync=0.00
Evaluating rank 0  97/121  (80.2%)  coord=[0.2  0.15] 	train_loss= 0.600 	train_acc=80.70 	time=23.57 	sync=0.00
Evaluating rank 0  98/121  (81.0%)  coord=[0.25 0.15] 	train_loss= 0.783 	train_acc=76.16 	time=24.14 	sync=0.00
Evaluating rank 0  99/121  (81.8%)  coord=[-0.25  0.2 ] 	train_loss= 0.578 	train_acc=80.42 	time=23.43 	sync=0.00
Evaluating rank 0  100/121  (82.6%)  coord=[-0.2  0.2] 	train_loss= 0.526 	train_acc=82.33 	time=23.18 	sync=0.00
Evaluating rank 0  101/121  (83.5%)  coord=[-0.15  0.2 ] 	train_loss= 0.496 	train_acc=83.48 	time=23.12 	sync=0.00
Evaluating rank 0  102/121  (84.3%)  coord=[-0.1  0.2] 	train_loss= 0.464 	train_acc=84.72 	time=23.16 	sync=0.00
Evaluating rank 0  103/121  (85.1%)  coord=[-0.05  0.2 ] 	train_loss= 0.429 	train_acc=85.87 	time=23.25 	sync=0.00
Evaluating rank 0  104/121  (86.0%)  coord=[0.  0.2] 	train_loss= 0.411 	train_acc=86.00 	time=23.23 	sync=0.00
Evaluating rank 0  105/121  (86.8%)  coord=[0.05 0.2 ] 	train_loss= 0.425 	train_acc=85.47 	time=23.48 	sync=0.00
Evaluating rank 0  106/121  (87.6%)  coord=[0.1 0.2] 	train_loss= 0.488 	train_acc=83.35 	time=22.93 	sync=0.00
Evaluating rank 0  107/121  (88.4%)  coord=[0.15 0.2 ] 	train_loss= 0.597 	train_acc=80.58 	time=23.28 	sync=0.00
Evaluating rank 0  108/121  (89.3%)  coord=[0.2 0.2] 	train_loss= 0.745 	train_acc=76.60 	time=23.26 	sync=0.00
Evaluating rank 0  109/121  (90.1%)  coord=[0.25 0.2 ] 	train_loss= 0.929 	train_acc=72.55 	time=23.21 	sync=0.00
Evaluating rank 0  110/121  (90.9%)  coord=[-0.25  0.25] 	train_loss= 0.679 	train_acc=77.36 	time=23.02 	sync=0.00
Evaluating rank 0  111/121  (91.7%)  coord=[-0.2   0.25] 	train_loss= 0.653 	train_acc=78.71 	time=23.01 	sync=0.00
Evaluating rank 0  112/121  (92.6%)  coord=[-0.15  0.25] 	train_loss= 0.645 	train_acc=79.59 	time=23.03 	sync=0.00
Evaluating rank 0  113/121  (93.4%)  coord=[-0.1   0.25] 	train_loss= 0.627 	train_acc=80.34 	time=23.38 	sync=0.00
Evaluating rank 0  114/121  (94.2%)  coord=[-0.05  0.25] 	train_loss= 0.603 	train_acc=81.06 	time=27.72 	sync=0.00
Evaluating rank 0  115/121  (95.0%)  coord=[0.   0.25] 	train_loss= 0.598 	train_acc=80.96 	time=23.46 	sync=0.00
Evaluating rank 0  116/121  (95.9%)  coord=[0.05 0.25] 	train_loss= 0.629 	train_acc=79.63 	time=23.26 	sync=0.00
Evaluating rank 0  117/121  (96.7%)  coord=[0.1  0.25] 	train_loss= 0.698 	train_acc=77.75 	time=23.14 	sync=0.00
Evaluating rank 0  118/121  (97.5%)  coord=[0.15 0.25] 	train_loss= 0.804 	train_acc=75.23 	time=23.07 	sync=0.00
Evaluating rank 0  119/121  (98.3%)  coord=[0.2  0.25] 	train_loss= 0.949 	train_acc=71.79 	time=23.48 	sync=0.00
Evaluating rank 0  120/121  (99.2%)  coord=[0.25 0.25] 	train_loss= 1.130 	train_acc=68.14 	time=23.43 	sync=0.00
Rank 0 done!  Total time: 2913.43 Sync: 0.00
------------------------------------------------------------------
plot_2d_contour
------------------------------------------------------------------
loading surface file: /nas/staff/data_work/manuel/cloned_repos/visualisation/loss-landscape/model_selection_interspeech_paper/01_interspeech_seed_2D/RQ3_UnseenDevices/cnn14_None_Adam_0-0001_16_50_44_None/state.pth.tar_weights_xignore=biasbn_xnorm=filter_yignore=biasbn_ynorm=filter.h5_[-0.25,0.25,11]x[-0.25,0.25,11]_train.h5
len(xcoordinates): 11   len(ycoordinates): 11
max(train_loss) = 1.337223 	 min(train_loss) = 0.168111
[[1.11407074 0.83643518 0.60968971 0.4560438  0.39383454 0.4043966
  0.47070657 0.59464064 0.78147576 1.03144165 1.33722292]
 [0.93372843 0.67630764 0.4689211  0.33355859 0.28292552 0.28881437
  0.33767915 0.43252841 0.58351207 0.79658456 1.06980174]
 [0.7933271  0.55511819 0.36864315 0.25490039 0.21505185 0.21663082
  0.24994317 0.319857   0.43813249 0.6148339  0.85362804]
 [0.68327961 0.46920411 0.30564299 0.21161616 0.18083326 0.18013106
  0.20239978 0.25320203 0.34418084 0.49049564 0.7010529 ]
 [0.60243519 0.41555496 0.27418853 0.19348415 0.16838994 0.16811087
  0.1848233  0.22365031 0.29739951 0.42326751 0.61534626]
 [0.54876151 0.38827365 0.26810686 0.19514952 0.1699352  0.16916997
  0.18442993 0.21945865 0.28764754 0.40680614 0.59094273]
 [0.51845304 0.38390818 0.28479772 0.21824231 0.18654571 0.18206582
  0.19677047 0.23457356 0.30833523 0.43322615 0.61555704]
 [0.51106131 0.40145668 0.32399484 0.26636048 0.22753335 0.21427122
  0.22763916 0.27375393 0.36126831 0.49807818 0.68016049]
 [0.52733711 0.44534392 0.39026621 0.3435555  0.30437396 0.28390664
  0.29598273 0.3516577  0.45490862 0.600229   0.78333279]
 [0.57814316 0.52560215 0.49572395 0.46378296 0.4291202  0.41052663
  0.42530812 0.48820031 0.59725848 0.74472185 0.92867991]
 [0.67890938 0.65288128 0.64519333 0.62684014 0.60282192 0.59831687
  0.62874884 0.69812312 0.80404463 0.94895893 1.13035092]]
/nas/staff/data_work/manuel/cloned_repos/visualisation/loss-landscape/model_selection_interspeech_paper/01_interspeech_seed_2D/RQ3_UnseenDevices/cnn14_None_Adam_0-0001_16_50_44_None/state.pth.tar_weights_xignore=biasbn_xnorm=filter_yignore=biasbn_ynorm=filter.h5_[-0.25,0.25,11]x[-0.25,0.25,11]_train.h5_train_loss_2dcontourf_train.pdf
Rank 0 use GPU 0 of 1 GPUs on eihw-gpu7
-------------------------------------------------------------
rank: 0
-------------------------------------------------------------
/home/milliman/myVisualisationEnv/.venv/lib/python3.10/site-packages/torch/utils/data/dataloader.py:554: UserWarning: This DataLoader will create 4 worker processes in total. Our suggested max number of worker in current system is 2, which is smaller than what this DataLoader is going to create. Please be aware that excessive worker creation might get DataLoader running slow or even freeze, lower the worker number to avoid potential slowness/freeze if necessary.
  warnings.warn(_create_warning_msg(
-------------------------------------------------------------------
setup_direction
-------------------------------------------------------------------
Setting up the plotting directions...
direction file created: /nas/staff/data_work/manuel/cloned_repos/visualisation/loss-landscape/model_selection_interspeech_paper/01_interspeech_seed_2D/RQ3_UnseenDevices/cnn10_None_Adam_0-0001_16_50_44_None/state.pth.tar_weights_xignore=biasbn_xnorm=filter_yignore=biasbn_ynorm=filter.h5
cosine similarity between x-axis and y-axis: 0.000038
Computing 121 values for rank 0
Evaluating rank 0  0/121  (0.0%)  coord=[-0.25 -0.25] 	train_loss= 2.210 	train_acc=64.85 	time=19.31 	sync=0.00
Evaluating rank 0  1/121  (0.8%)  coord=[-0.2  -0.25] 	train_loss= 1.709 	train_acc=70.66 	time=19.62 	sync=0.00
Evaluating rank 0  2/121  (1.7%)  coord=[-0.15 -0.25] 	train_loss= 1.314 	train_acc=75.86 	time=19.71 	sync=0.00
Evaluating rank 0  3/121  (2.5%)  coord=[-0.1  -0.25] 	train_loss= 1.026 	train_acc=79.87 	time=19.59 	sync=0.00
Evaluating rank 0  4/121  (3.3%)  coord=[-0.05 -0.25] 	train_loss= 0.834 	train_acc=82.88 	time=19.46 	sync=0.00
Evaluating rank 0  5/121  (4.1%)  coord=[ 0.   -0.25] 	train_loss= 0.720 	train_acc=84.76 	time=19.25 	sync=0.00
Evaluating rank 0  6/121  (5.0%)  coord=[ 0.05 -0.25] 	train_loss= 0.671 	train_acc=85.33 	time=19.72 	sync=0.00
Evaluating rank 0  7/121  (5.8%)  coord=[ 0.1  -0.25] 	train_loss= 0.676 	train_acc=84.99 	time=19.82 	sync=0.00
Evaluating rank 0  8/121  (6.6%)  coord=[ 0.15 -0.25] 	train_loss= 0.735 	train_acc=84.21 	time=19.54 	sync=0.00
Evaluating rank 0  9/121  (7.4%)  coord=[ 0.2  -0.25] 	train_loss= 0.856 	train_acc=82.73 	time=19.47 	sync=0.00
Evaluating rank 0  10/121  (8.3%)  coord=[ 0.25 -0.25] 	train_loss= 1.068 	train_acc=80.06 	time=19.80 	sync=0.00
Evaluating rank 0  11/121  (9.1%)  coord=[-0.25 -0.2 ] 	train_loss= 1.572 	train_acc=71.85 	time=19.78 	sync=0.00
Evaluating rank 0  12/121  (9.9%)  coord=[-0.2 -0.2] 	train_loss= 1.136 	train_acc=78.07 	time=19.60 	sync=0.00
Evaluating rank 0  13/121  (10.7%)  coord=[-0.15 -0.2 ] 	train_loss= 0.806 	train_acc=83.01 	time=19.31 	sync=0.00
Evaluating rank 0  14/121  (11.6%)  coord=[-0.1 -0.2] 	train_loss= 0.572 	train_acc=87.01 	time=19.61 	sync=0.00
Evaluating rank 0  15/121  (12.4%)  coord=[-0.05 -0.2 ] 	train_loss= 0.425 	train_acc=89.62 	time=21.52 	sync=0.00
Evaluating rank 0  16/121  (13.2%)  coord=[ 0.  -0.2] 	train_loss= 0.349 	train_acc=91.10 	time=19.63 	sync=0.00
Evaluating rank 0  17/121  (14.0%)  coord=[ 0.05 -0.2 ] 	train_loss= 0.325 	train_acc=91.71 	time=19.59 	sync=0.00
Evaluating rank 0  18/121  (14.9%)  coord=[ 0.1 -0.2] 	train_loss= 0.348 	train_acc=91.46 	time=19.51 	sync=0.00
Evaluating rank 0  19/121  (15.7%)  coord=[ 0.15 -0.2 ] 	train_loss= 0.414 	train_acc=90.42 	time=19.64 	sync=0.00
Evaluating rank 0  20/121  (16.5%)  coord=[ 0.2 -0.2] 	train_loss= 0.528 	train_acc=88.60 	time=19.48 	sync=0.00
Evaluating rank 0  21/121  (17.4%)  coord=[ 0.25 -0.2 ] 	train_loss= 0.714 	train_acc=85.83 	time=19.77 	sync=0.00
Evaluating rank 0  22/121  (18.2%)  coord=[-0.25 -0.15] 	train_loss= 1.092 	train_acc=78.03 	time=19.67 	sync=0.00
Evaluating rank 0  23/121  (19.0%)  coord=[-0.2  -0.15] 	train_loss= 0.719 	train_acc=84.06 	time=19.26 	sync=0.00
Evaluating rank 0  24/121  (19.8%)  coord=[-0.15 -0.15] 	train_loss= 0.446 	train_acc=88.91 	time=19.73 	sync=0.00
Evaluating rank 0  25/121  (20.7%)  coord=[-0.1  -0.15] 	train_loss= 0.266 	train_acc=92.62 	time=19.46 	sync=0.00
Evaluating rank 0  26/121  (21.5%)  coord=[-0.05 -0.15] 	train_loss= 0.168 	train_acc=95.39 	time=19.32 	sync=0.00
Evaluating rank 0  27/121  (22.3%)  coord=[ 0.   -0.15] 	train_loss= 0.128 	train_acc=96.48 	time=19.42 	sync=0.00
Evaluating rank 0  28/121  (23.1%)  coord=[ 0.05 -0.15] 	train_loss= 0.122 	train_acc=96.61 	time=19.73 	sync=0.00
Evaluating rank 0  29/121  (24.0%)  coord=[ 0.1  -0.15] 	train_loss= 0.145 	train_acc=95.97 	time=19.68 	sync=0.00
Evaluating rank 0  30/121  (24.8%)  coord=[ 0.15 -0.15] 	train_loss= 0.206 	train_acc=95.03 	time=19.80 	sync=0.00
Evaluating rank 0  31/121  (25.6%)  coord=[ 0.2  -0.15] 	train_loss= 0.307 	train_acc=92.92 	time=19.64 	sync=0.00
Evaluating rank 0  32/121  (26.4%)  coord=[ 0.25 -0.15] 	train_loss= 0.467 	train_acc=89.84 	time=19.56 	sync=0.00
Evaluating rank 0  33/121  (27.3%)  coord=[-0.25 -0.1 ] 	train_loss= 0.760 	train_acc=82.90 	time=19.52 	sync=0.00
Evaluating rank 0  34/121  (28.1%)  coord=[-0.2 -0.1] 	train_loss= 0.441 	train_acc=88.92 	time=19.89 	sync=0.00
Evaluating rank 0  35/121  (28.9%)  coord=[-0.15 -0.1 ] 	train_loss= 0.226 	train_acc=93.50 	time=19.69 	sync=0.00
Evaluating rank 0  36/121  (29.8%)  coord=[-0.1 -0.1] 	train_loss= 0.110 	train_acc=96.68 	time=19.45 	sync=0.00
Evaluating rank 0  37/121  (30.6%)  coord=[-0.05 -0.1 ] 	train_loss= 0.061 	train_acc=98.24 	time=19.85 	sync=0.00
Evaluating rank 0  38/121  (31.4%)  coord=[ 0.  -0.1] 	train_loss= 0.045 	train_acc=98.71 	time=19.67 	sync=0.00
Evaluating rank 0  39/121  (32.2%)  coord=[ 0.05 -0.1 ] 	train_loss= 0.044 	train_acc=98.78 	time=24.73 	sync=0.00
Evaluating rank 0  40/121  (33.1%)  coord=[ 0.1 -0.1] 	train_loss= 0.055 	train_acc=98.45 	time=19.54 	sync=0.00
Evaluating rank 0  41/121  (33.9%)  coord=[ 0.15 -0.1 ] 	train_loss= 0.097 	train_acc=97.36 	time=19.55 	sync=0.00
Evaluating rank 0  42/121  (34.7%)  coord=[ 0.2 -0.1] 	train_loss= 0.182 	train_acc=95.75 	time=19.68 	sync=0.00
Evaluating rank 0  43/121  (35.5%)  coord=[ 0.25 -0.1 ] 	train_loss= 0.318 	train_acc=92.54 	time=19.55 	sync=0.00
Evaluating rank 0  44/121  (36.4%)  coord=[-0.25 -0.05] 	train_loss= 0.537 	train_acc=86.67 	time=19.51 	sync=0.00
Evaluating rank 0  45/121  (37.2%)  coord=[-0.2  -0.05] 	train_loss= 0.274 	train_acc=92.26 	time=19.29 	sync=0.00
Evaluating rank 0  46/121  (38.0%)  coord=[-0.15 -0.05] 	train_loss= 0.120 	train_acc=96.31 	time=19.51 	sync=0.00
Evaluating rank 0  47/121  (38.8%)  coord=[-0.1  -0.05] 	train_loss= 0.053 	train_acc=98.28 	time=19.77 	sync=0.00
Evaluating rank 0  48/121  (39.7%)  coord=[-0.05 -0.05] 	train_loss= 0.032 	train_acc=99.17 	time=19.49 	sync=0.00
Evaluating rank 0  49/121  (40.5%)  coord=[ 0.   -0.05] 	train_loss= 0.026 	train_acc=99.38 	time=19.77 	sync=0.00
Evaluating rank 0  50/121  (41.3%)  coord=[ 0.05 -0.05] 	train_loss= 0.026 	train_acc=99.39 	time=19.60 	sync=0.00
Evaluating rank 0  51/121  (42.1%)  coord=[ 0.1  -0.05] 	train_loss= 0.033 	train_acc=99.21 	time=19.68 	sync=0.00
Evaluating rank 0  52/121  (43.0%)  coord=[ 0.15 -0.05] 	train_loss= 0.058 	train_acc=98.52 	time=19.70 	sync=0.00
Evaluating rank 0  53/121  (43.8%)  coord=[ 0.2  -0.05] 	train_loss= 0.127 	train_acc=96.57 	time=19.35 	sync=0.00
Evaluating rank 0  54/121  (44.6%)  coord=[ 0.25 -0.05] 	train_loss= 0.252 	train_acc=93.59 	time=19.69 	sync=0.00
Evaluating rank 0  55/121  (45.5%)  coord=[-0.25  0.  ] 	train_loss= 0.399 	train_acc=89.50 	time=19.68 	sync=0.00
Evaluating rank 0  56/121  (46.3%)  coord=[-0.2  0. ] 	train_loss= 0.186 	train_acc=94.28 	time=19.42 	sync=0.00
Evaluating rank 0  57/121  (47.1%)  coord=[-0.15  0.  ] 	train_loss= 0.079 	train_acc=97.34 	time=19.55 	sync=0.00
Evaluating rank 0  58/121  (47.9%)  coord=[-0.1  0. ] 	train_loss= 0.041 	train_acc=98.73 	time=19.68 	sync=0.00
Evaluating rank 0  59/121  (48.8%)  coord=[-0.05  0.  ] 	train_loss= 0.030 	train_acc=99.18 	time=19.85 	sync=0.00
Evaluating rank 0  60/121  (49.6%)  coord=[0. 0.] 	train_loss= 0.026 	train_acc=99.40 	time=19.78 	sync=0.00
Evaluating rank 0  61/121  (50.4%)  coord=[0.05 0.  ] 	train_loss= 0.027 	train_acc=99.31 	time=19.50 	sync=0.00
Evaluating rank 0  62/121  (51.2%)  coord=[0.1 0. ] 	train_loss= 0.034 	train_acc=99.12 	time=24.46 	sync=0.00
Evaluating rank 0  63/121  (52.1%)  coord=[0.15 0.  ] 	train_loss= 0.059 	train_acc=98.45 	time=19.50 	sync=0.00
Evaluating rank 0  64/121  (52.9%)  coord=[0.2 0. ] 	train_loss= 0.126 	train_acc=96.17 	time=19.72 	sync=0.00
Evaluating rank 0  65/121  (53.7%)  coord=[0.25 0.  ] 	train_loss= 0.254 	train_acc=92.88 	time=19.62 	sync=0.00
Evaluating rank 0  66/121  (54.5%)  coord=[-0.25  0.05] 	train_loss= 0.333 	train_acc=90.60 	time=19.65 	sync=0.00
Evaluating rank 0  67/121  (55.4%)  coord=[-0.2   0.05] 	train_loss= 0.160 	train_acc=94.87 	time=19.42 	sync=0.00
Evaluating rank 0  68/121  (56.2%)  coord=[-0.15  0.05] 	train_loss= 0.078 	train_acc=97.31 	time=19.82 	sync=0.00
Evaluating rank 0  69/121  (57.0%)  coord=[-0.1   0.05] 	train_loss= 0.050 	train_acc=98.42 	time=19.90 	sync=0.00
Evaluating rank 0  70/121  (57.9%)  coord=[-0.05  0.05] 	train_loss= 0.039 	train_acc=98.84 	time=19.23 	sync=0.00
Evaluating rank 0  71/121  (58.7%)  coord=[0.   0.05] 	train_loss= 0.035 	train_acc=98.98 	time=19.69 	sync=0.00
Evaluating rank 0  72/121  (59.5%)  coord=[0.05 0.05] 	train_loss= 0.037 	train_acc=99.03 	time=19.49 	sync=0.00
Evaluating rank 0  73/121  (60.3%)  coord=[0.1  0.05] 	train_loss= 0.048 	train_acc=98.60 	time=19.52 	sync=0.00
Evaluating rank 0  74/121  (61.2%)  coord=[0.15 0.05] 	train_loss= 0.084 	train_acc=97.31 	time=19.65 	sync=0.00
Evaluating rank 0  75/121  (62.0%)  coord=[0.2  0.05] 	train_loss= 0.173 	train_acc=94.64 	time=19.30 	sync=0.00
Evaluating rank 0  76/121  (62.8%)  coord=[0.25 0.05] 	train_loss= 0.328 	train_acc=90.46 	time=19.77 	sync=0.00
Evaluating rank 0  77/121  (63.6%)  coord=[-0.25  0.1 ] 	train_loss= 0.351 	train_acc=90.07 	time=19.81 	sync=0.00
Evaluating rank 0  78/121  (64.5%)  coord=[-0.2  0.1] 	train_loss= 0.198 	train_acc=93.58 	time=19.73 	sync=0.00
Evaluating rank 0  79/121  (65.3%)  coord=[-0.15  0.1 ] 	train_loss= 0.119 	train_acc=95.98 	time=19.63 	sync=0.00
Evaluating rank 0  80/121  (66.1%)  coord=[-0.1  0.1] 	train_loss= 0.085 	train_acc=97.21 	time=19.40 	sync=0.00
Evaluating rank 0  81/121  (66.9%)  coord=[-0.05  0.1 ] 	train_loss= 0.068 	train_acc=97.77 	time=19.26 	sync=0.00
Evaluating rank 0  82/121  (67.8%)  coord=[0.  0.1] 	train_loss= 0.062 	train_acc=98.10 	time=19.46 	sync=0.00
Evaluating rank 0  83/121  (68.6%)  coord=[0.05 0.1 ] 	train_loss= 0.065 	train_acc=98.04 	time=19.71 	sync=0.00
Evaluating rank 0  84/121  (69.4%)  coord=[0.1 0.1] 	train_loss= 0.087 	train_acc=97.11 	time=19.93 	sync=0.00
Evaluating rank 0  85/121  (70.2%)  coord=[0.15 0.1 ] 	train_loss= 0.144 	train_acc=95.20 	time=22.39 	sync=0.00
Evaluating rank 0  86/121  (71.1%)  coord=[0.2 0.1] 	train_loss= 0.265 	train_acc=91.72 	time=19.47 	sync=0.00
Evaluating rank 0  87/121  (71.9%)  coord=[0.25 0.1 ] 	train_loss= 0.478 	train_acc=86.87 	time=19.59 	sync=0.00
Evaluating rank 0  88/121  (72.7%)  coord=[-0.25  0.15] 	train_loss= 0.484 	train_acc=87.05 	time=19.60 	sync=0.00
Evaluating rank 0  89/121  (73.6%)  coord=[-0.2   0.15] 	train_loss= 0.335 	train_acc=90.02 	time=19.57 	sync=0.00
Evaluating rank 0  90/121  (74.4%)  coord=[-0.15  0.15] 	train_loss= 0.241 	train_acc=92.38 	time=19.52 	sync=0.00
Evaluating rank 0  91/121  (75.2%)  coord=[-0.1   0.15] 	train_loss= 0.188 	train_acc=93.83 	time=19.38 	sync=0.00
Evaluating rank 0  92/121  (76.0%)  coord=[-0.05  0.15] 	train_loss= 0.158 	train_acc=94.80 	time=19.24 	sync=0.00
Evaluating rank 0  93/121  (76.9%)  coord=[0.   0.15] 	train_loss= 0.145 	train_acc=95.12 	time=19.49 	sync=0.00
Evaluating rank 0  94/121  (77.7%)  coord=[0.05 0.15] 	train_loss= 0.152 	train_acc=94.79 	time=19.76 	sync=0.00
Evaluating rank 0  95/121  (78.5%)  coord=[0.1  0.15] 	train_loss= 0.191 	train_acc=93.53 	time=19.71 	sync=0.00
Evaluating rank 0  96/121  (79.3%)  coord=[0.15 0.15] 	train_loss= 0.270 	train_acc=91.30 	time=19.79 	sync=0.00
Evaluating rank 0  97/121  (80.2%)  coord=[0.2  0.15] 	train_loss= 0.423 	train_acc=87.61 	time=19.57 	sync=0.00
Evaluating rank 0  98/121  (81.0%)  coord=[0.25 0.15] 	train_loss= 0.712 	train_acc=81.38 	time=19.95 	sync=0.00
Evaluating rank 0  99/121  (81.8%)  coord=[-0.25  0.2 ] 	train_loss= 0.740 	train_acc=81.99 	time=19.37 	sync=0.00
Evaluating rank 0  100/121  (82.6%)  coord=[-0.2  0.2] 	train_loss= 0.593 	train_acc=84.41 	time=19.66 	sync=0.00
Evaluating rank 0  101/121  (83.5%)  coord=[-0.15  0.2 ] 	train_loss= 0.484 	train_acc=86.38 	time=19.29 	sync=0.00
Evaluating rank 0  102/121  (84.3%)  coord=[-0.1  0.2] 	train_loss= 0.411 	train_acc=87.79 	time=19.47 	sync=0.00
Evaluating rank 0  103/121  (85.1%)  coord=[-0.05  0.2 ] 	train_loss= 0.364 	train_acc=88.81 	time=19.72 	sync=0.00
Evaluating rank 0  104/121  (86.0%)  coord=[0.  0.2] 	train_loss= 0.338 	train_acc=89.23 	time=19.65 	sync=0.00
Evaluating rank 0  105/121  (86.8%)  coord=[0.05 0.2 ] 	train_loss= 0.343 	train_acc=88.93 	time=19.75 	sync=0.00
Evaluating rank 0  106/121  (87.6%)  coord=[0.1 0.2] 	train_loss= 0.395 	train_acc=87.65 	time=19.76 	sync=0.00
Evaluating rank 0  107/121  (88.4%)  coord=[0.15 0.2 ] 	train_loss= 0.500 	train_acc=85.27 	time=19.62 	sync=0.00
Evaluating rank 0  108/121  (89.3%)  coord=[0.2 0.2] 	train_loss= 0.697 	train_acc=81.61 	time=21.04 	sync=0.00
Evaluating rank 0  109/121  (90.1%)  coord=[0.25 0.2 ] 	train_loss= 1.050 	train_acc=75.20 	time=19.53 	sync=0.00
Evaluating rank 0  110/121  (90.9%)  coord=[-0.25  0.25] 	train_loss= 1.051 	train_acc=75.79 	time=19.52 	sync=0.00
Evaluating rank 0  111/121  (91.7%)  coord=[-0.2   0.25] 	train_loss= 0.904 	train_acc=78.00 	time=19.80 	sync=0.00
Evaluating rank 0  112/121  (92.6%)  coord=[-0.15  0.25] 	train_loss= 0.789 	train_acc=79.47 	time=19.74 	sync=0.00
Evaluating rank 0  113/121  (93.4%)  coord=[-0.1   0.25] 	train_loss= 0.703 	train_acc=80.44 	time=19.15 	sync=0.00
Evaluating rank 0  114/121  (94.2%)  coord=[-0.05  0.25] 	train_loss= 0.643 	train_acc=81.22 	time=19.45 	sync=0.00
Evaluating rank 0  115/121  (95.0%)  coord=[0.   0.25] 	train_loss= 0.610 	train_acc=81.85 	time=19.26 	sync=0.00
Evaluating rank 0  116/121  (95.9%)  coord=[0.05 0.25] 	train_loss= 0.617 	train_acc=81.64 	time=19.41 	sync=0.00
Evaluating rank 0  117/121  (96.7%)  coord=[0.1  0.25] 	train_loss= 0.690 	train_acc=80.60 	time=19.66 	sync=0.00
Evaluating rank 0  118/121  (97.5%)  coord=[0.15 0.25] 	train_loss= 0.848 	train_acc=78.03 	time=19.62 	sync=0.00
Evaluating rank 0  119/121  (98.3%)  coord=[0.2  0.25] 	train_loss= 1.114 	train_acc=74.07 	time=19.78 	sync=0.00
Evaluating rank 0  120/121  (99.2%)  coord=[0.25 0.25] 	train_loss= 1.523 	train_acc=68.81 	time=19.48 	sync=0.00
Rank 0 done!  Total time: 2418.95 Sync: 0.00
------------------------------------------------------------------
plot_2d_contour
------------------------------------------------------------------
loading surface file: /nas/staff/data_work/manuel/cloned_repos/visualisation/loss-landscape/model_selection_interspeech_paper/01_interspeech_seed_2D/RQ3_UnseenDevices/cnn10_None_Adam_0-0001_16_50_44_None/state.pth.tar_weights_xignore=biasbn_xnorm=filter_yignore=biasbn_ynorm=filter.h5_[-0.25,0.25,11]x[-0.25,0.25,11]_train.h5
len(xcoordinates): 11   len(ycoordinates): 11
max(train_loss) = 2.210424 	 min(train_loss) = 0.025962
[[2.21042384 1.70944534 1.3144305  1.02649486 0.83365489 0.72033888
  0.67139365 0.67638363 0.73487719 0.85560182 1.0683771 ]
 [1.57216456 1.13586136 0.80606584 0.5724173  0.42490662 0.34850253
  0.32525763 0.34826778 0.4144809  0.52834602 0.71370598]
 [1.09211653 0.71865199 0.44625598 0.26600895 0.16817847 0.12830878
  0.12158595 0.14529661 0.20646214 0.30739879 0.46667997]
 [0.75965576 0.44105256 0.22616402 0.10986997 0.06085489 0.0451078
  0.04360813 0.05524278 0.09693927 0.1821649  0.31840007]
 [0.53669366 0.27372312 0.1199782  0.05338816 0.03188067 0.0259622
  0.02635749 0.03320677 0.05827274 0.1274817  0.25183638]
 [0.39871451 0.18643162 0.0790407  0.04147337 0.02998293 0.0262246
  0.02708025 0.0342718  0.05861006 0.12641746 0.25377865]
 [0.3331491  0.16040343 0.07839698 0.04999836 0.03874161 0.0347149
  0.03663618 0.04769318 0.08388995 0.17319307 0.32820575]
 [0.35129405 0.19842937 0.1193379  0.08541576 0.06836468 0.06153495
  0.06540295 0.08686596 0.14412206 0.26539084 0.47848784]
 [0.48403734 0.33528399 0.24097232 0.18798225 0.15807774 0.14493012
  0.15246272 0.1909486  0.26975227 0.42323812 0.71186481]
 [0.74040219 0.59323533 0.48438364 0.41062446 0.36394623 0.33828369
  0.34349928 0.39450688 0.50033852 0.69679027 1.04952164]
 [1.05126724 0.90391309 0.78851251 0.70277072 0.64325803 0.60973982
  0.61707583 0.68950847 0.84794929 1.11434194 1.52332874]]
/nas/staff/data_work/manuel/cloned_repos/visualisation/loss-landscape/model_selection_interspeech_paper/01_interspeech_seed_2D/RQ3_UnseenDevices/cnn10_None_Adam_0-0001_16_50_44_None/state.pth.tar_weights_xignore=biasbn_xnorm=filter_yignore=biasbn_ynorm=filter.h5_[-0.25,0.25,11]x[-0.25,0.25,11]_train.h5_train_loss_2dcontourf_train.pdf
Rank 0 use GPU 0 of 1 GPUs on eihw-gpu7
-------------------------------------------------------------
rank: 0
-------------------------------------------------------------
/home/milliman/myVisualisationEnv/.venv/lib/python3.10/site-packages/torch/utils/data/dataloader.py:554: UserWarning: This DataLoader will create 4 worker processes in total. Our suggested max number of worker in current system is 2, which is smaller than what this DataLoader is going to create. Please be aware that excessive worker creation might get DataLoader running slow or even freeze, lower the worker number to avoid potential slowness/freeze if necessary.
  warnings.warn(_create_warning_msg(
-------------------------------------------------------------------
setup_direction
-------------------------------------------------------------------
Setting up the plotting directions...
direction file created: /nas/staff/data_work/manuel/cloned_repos/visualisation/loss-landscape/model_selection_interspeech_paper/01_interspeech_seed_2D/RQ3_UnseenDevices/cnn14_None_SGD_0-001_16_50_42_None/state.pth.tar_weights_xignore=biasbn_xnorm=filter_yignore=biasbn_ynorm=filter.h5
cosine similarity between x-axis and y-axis: 0.000031
Computing 121 values for rank 0
Evaluating rank 0  0/121  (0.0%)  coord=[-0.25 -0.25] 	train_loss= 0.416 	train_acc=89.10 	time=23.08 	sync=0.00
Evaluating rank 0  1/121  (0.8%)  coord=[-0.2  -0.25] 	train_loss= 0.355 	train_acc=90.66 	time=22.64 	sync=0.00
Evaluating rank 0  2/121  (1.7%)  coord=[-0.15 -0.25] 	train_loss= 0.283 	train_acc=92.21 	time=22.68 	sync=0.00
Evaluating rank 0  3/121  (2.5%)  coord=[-0.1  -0.25] 	train_loss= 0.209 	train_acc=93.81 	time=23.15 	sync=0.00
Evaluating rank 0  4/121  (3.3%)  coord=[-0.05 -0.25] 	train_loss= 0.145 	train_acc=95.65 	time=23.13 	sync=0.00
Evaluating rank 0  5/121  (4.1%)  coord=[ 0.   -0.25] 	train_loss= 0.104 	train_acc=96.59 	time=23.39 	sync=0.00
Evaluating rank 0  6/121  (5.0%)  coord=[ 0.05 -0.25] 	train_loss= 0.085 	train_acc=97.31 	time=23.36 	sync=0.00
Evaluating rank 0  7/121  (5.8%)  coord=[ 0.1  -0.25] 	train_loss= 0.084 	train_acc=97.18 	time=23.27 	sync=0.00
Evaluating rank 0  8/121  (6.6%)  coord=[ 0.15 -0.25] 	train_loss= 0.095 	train_acc=96.82 	time=23.22 	sync=0.00
Evaluating rank 0  9/121  (7.4%)  coord=[ 0.2  -0.25] 	train_loss= 0.118 	train_acc=96.11 	time=23.18 	sync=0.00
Evaluating rank 0  10/121  (8.3%)  coord=[ 0.25 -0.25] 	train_loss= 0.156 	train_acc=94.81 	time=23.34 	sync=0.00
Evaluating rank 0  11/121  (9.1%)  coord=[-0.25 -0.2 ] 	train_loss= 0.332 	train_acc=90.98 	time=23.34 	sync=0.00
Evaluating rank 0  12/121  (9.9%)  coord=[-0.2 -0.2] 	train_loss= 0.259 	train_acc=92.79 	time=22.93 	sync=0.00
Evaluating rank 0  13/121  (10.7%)  coord=[-0.15 -0.2 ] 	train_loss= 0.180 	train_acc=94.77 	time=23.41 	sync=0.00
Evaluating rank 0  14/121  (11.6%)  coord=[-0.1 -0.2] 	train_loss= 0.113 	train_acc=96.58 	time=23.22 	sync=0.00
Evaluating rank 0  15/121  (12.4%)  coord=[-0.05 -0.2 ] 	train_loss= 0.073 	train_acc=97.70 	time=23.30 	sync=0.00
Evaluating rank 0  16/121  (13.2%)  coord=[ 0.  -0.2] 	train_loss= 0.054 	train_acc=98.29 	time=23.35 	sync=0.00
Evaluating rank 0  17/121  (14.0%)  coord=[ 0.05 -0.2 ] 	train_loss= 0.050 	train_acc=98.39 	time=22.89 	sync=0.00
Evaluating rank 0  18/121  (14.9%)  coord=[ 0.1 -0.2] 	train_loss= 0.054 	train_acc=98.24 	time=23.12 	sync=0.00
Evaluating rank 0  19/121  (15.7%)  coord=[ 0.15 -0.2 ] 	train_loss= 0.066 	train_acc=97.77 	time=23.42 	sync=0.00
Evaluating rank 0  20/121  (16.5%)  coord=[ 0.2 -0.2] 	train_loss= 0.088 	train_acc=97.16 	time=23.16 	sync=0.00
Evaluating rank 0  21/121  (17.4%)  coord=[ 0.25 -0.2 ] 	train_loss= 0.122 	train_acc=96.03 	time=23.40 	sync=0.00
Evaluating rank 0  22/121  (18.2%)  coord=[-0.25 -0.15] 	train_loss= 0.249 	train_acc=92.87 	time=23.48 	sync=0.00
Evaluating rank 0  23/121  (19.0%)  coord=[-0.2  -0.15] 	train_loss= 0.175 	train_acc=94.86 	time=23.50 	sync=0.00
Evaluating rank 0  24/121  (19.8%)  coord=[-0.15 -0.15] 	train_loss= 0.105 	train_acc=96.81 	time=23.44 	sync=0.00
Evaluating rank 0  25/121  (20.7%)  coord=[-0.1  -0.15] 	train_loss= 0.061 	train_acc=98.17 	time=23.57 	sync=0.00
Evaluating rank 0  26/121  (21.5%)  coord=[-0.05 -0.15] 	train_loss= 0.041 	train_acc=98.76 	time=23.22 	sync=0.00
Evaluating rank 0  27/121  (22.3%)  coord=[ 0.   -0.15] 	train_loss= 0.034 	train_acc=98.95 	time=23.70 	sync=0.00
Evaluating rank 0  28/121  (23.1%)  coord=[ 0.05 -0.15] 	train_loss= 0.035 	train_acc=98.95 	time=23.23 	sync=0.00
Evaluating rank 0  29/121  (24.0%)  coord=[ 0.1  -0.15] 	train_loss= 0.039 	train_acc=98.75 	time=23.28 	sync=0.00
Evaluating rank 0  30/121  (24.8%)  coord=[ 0.15 -0.15] 	train_loss= 0.050 	train_acc=98.30 	time=23.09 	sync=0.00
Evaluating rank 0  31/121  (25.6%)  coord=[ 0.2  -0.15] 	train_loss= 0.070 	train_acc=97.68 	time=23.22 	sync=0.00
Evaluating rank 0  32/121  (26.4%)  coord=[ 0.25 -0.15] 	train_loss= 0.102 	train_acc=96.66 	time=23.00 	sync=0.00
Evaluating rank 0  33/121  (27.3%)  coord=[-0.25 -0.1 ] 	train_loss= 0.180 	train_acc=94.79 	time=23.51 	sync=0.00
Evaluating rank 0  34/121  (28.1%)  coord=[-0.2 -0.1] 	train_loss= 0.113 	train_acc=96.47 	time=23.13 	sync=0.00
Evaluating rank 0  35/121  (28.9%)  coord=[-0.15 -0.1 ] 	train_loss= 0.063 	train_acc=98.04 	time=23.32 	sync=0.00
Evaluating rank 0  36/121  (29.8%)  coord=[-0.1 -0.1] 	train_loss= 0.037 	train_acc=98.86 	time=23.37 	sync=0.00
Evaluating rank 0  37/121  (30.6%)  coord=[-0.05 -0.1 ] 	train_loss= 0.028 	train_acc=99.18 	time=22.76 	sync=0.00
Evaluating rank 0  38/121  (31.4%)  coord=[ 0.  -0.1] 	train_loss= 0.026 	train_acc=99.26 	time=23.30 	sync=0.00
Evaluating rank 0  39/121  (32.2%)  coord=[ 0.05 -0.1 ] 	train_loss= 0.027 	train_acc=99.18 	time=23.40 	sync=0.00
Evaluating rank 0  40/121  (33.1%)  coord=[ 0.1 -0.1] 	train_loss= 0.031 	train_acc=99.00 	time=23.12 	sync=0.00
Evaluating rank 0  41/121  (33.9%)  coord=[ 0.15 -0.1 ] 	train_loss= 0.040 	train_acc=98.62 	time=23.03 	sync=0.00
Evaluating rank 0  42/121  (34.7%)  coord=[ 0.2 -0.1] 	train_loss= 0.059 	train_acc=97.94 	time=22.97 	sync=0.00
Evaluating rank 0  43/121  (35.5%)  coord=[ 0.25 -0.1 ] 	train_loss= 0.090 	train_acc=97.09 	time=23.34 	sync=0.00
Evaluating rank 0  44/121  (36.4%)  coord=[-0.25 -0.05] 	train_loss= 0.135 	train_acc=95.92 	time=22.95 	sync=0.00
Evaluating rank 0  45/121  (37.2%)  coord=[-0.2  -0.05] 	train_loss= 0.075 	train_acc=97.66 	time=23.35 	sync=0.00
Evaluating rank 0  46/121  (38.0%)  coord=[-0.15 -0.05] 	train_loss= 0.040 	train_acc=98.70 	time=23.15 	sync=0.00
Evaluating rank 0  47/121  (38.8%)  coord=[-0.1  -0.05] 	train_loss= 0.027 	train_acc=99.18 	time=27.40 	sync=0.00
Evaluating rank 0  48/121  (39.7%)  coord=[-0.05 -0.05] 	train_loss= 0.023 	train_acc=99.31 	time=23.19 	sync=0.00
Evaluating rank 0  49/121  (40.5%)  coord=[ 0.   -0.05] 	train_loss= 0.023 	train_acc=99.30 	time=23.14 	sync=0.00
Evaluating rank 0  50/121  (41.3%)  coord=[ 0.05 -0.05] 	train_loss= 0.024 	train_acc=99.26 	time=23.37 	sync=0.00
Evaluating rank 0  51/121  (42.1%)  coord=[ 0.1  -0.05] 	train_loss= 0.027 	train_acc=99.13 	time=23.19 	sync=0.00
Evaluating rank 0  52/121  (43.0%)  coord=[ 0.15 -0.05] 	train_loss= 0.035 	train_acc=98.78 	time=23.05 	sync=0.00
Evaluating rank 0  53/121  (43.8%)  coord=[ 0.2  -0.05] 	train_loss= 0.053 	train_acc=98.17 	time=23.01 	sync=0.00
Evaluating rank 0  54/121  (44.6%)  coord=[ 0.25 -0.05] 	train_loss= 0.084 	train_acc=97.26 	time=23.15 	sync=0.00
Evaluating rank 0  55/121  (45.5%)  coord=[-0.25  0.  ] 	train_loss= 0.112 	train_acc=96.49 	time=23.52 	sync=0.00
Evaluating rank 0  56/121  (46.3%)  coord=[-0.2  0. ] 	train_loss= 0.057 	train_acc=98.28 	time=23.47 	sync=0.00
Evaluating rank 0  57/121  (47.1%)  coord=[-0.15  0.  ] 	train_loss= 0.031 	train_acc=99.03 	time=23.30 	sync=0.00
Evaluating rank 0  58/121  (47.9%)  coord=[-0.1  0. ] 	train_loss= 0.023 	train_acc=99.27 	time=23.38 	sync=0.00
Evaluating rank 0  59/121  (48.8%)  coord=[-0.05  0.  ] 	train_loss= 0.021 	train_acc=99.36 	time=23.31 	sync=0.00
Evaluating rank 0  60/121  (49.6%)  coord=[0. 0.] 	train_loss= 0.021 	train_acc=99.35 	time=23.36 	sync=0.00
Evaluating rank 0  61/121  (50.4%)  coord=[0.05 0.  ] 	train_loss= 0.022 	train_acc=99.28 	time=23.46 	sync=0.00
Evaluating rank 0  62/121  (51.2%)  coord=[0.1 0. ] 	train_loss= 0.025 	train_acc=99.16 	time=23.43 	sync=0.00
Evaluating rank 0  63/121  (52.1%)  coord=[0.15 0.  ] 	train_loss= 0.032 	train_acc=98.85 	time=23.36 	sync=0.00
Evaluating rank 0  64/121  (52.9%)  coord=[0.2 0. ] 	train_loss= 0.051 	train_acc=98.23 	time=23.10 	sync=0.00
Evaluating rank 0  65/121  (53.7%)  coord=[0.25 0.  ] 	train_loss= 0.084 	train_acc=97.15 	time=23.27 	sync=0.00
Evaluating rank 0  66/121  (54.5%)  coord=[-0.25  0.05] 	train_loss= 0.104 	train_acc=96.74 	time=24.64 	sync=0.00
Evaluating rank 0  67/121  (55.4%)  coord=[-0.2   0.05] 	train_loss= 0.051 	train_acc=98.39 	time=23.06 	sync=0.00
Evaluating rank 0  68/121  (56.2%)  coord=[-0.15  0.05] 	train_loss= 0.028 	train_acc=99.11 	time=23.41 	sync=0.00
Evaluating rank 0  69/121  (57.0%)  coord=[-0.1   0.05] 	train_loss= 0.022 	train_acc=99.29 	time=23.23 	sync=0.00
Evaluating rank 0  70/121  (57.9%)  coord=[-0.05  0.05] 	train_loss= 0.020 	train_acc=99.34 	time=23.45 	sync=0.00
Evaluating rank 0  71/121  (58.7%)  coord=[0.   0.05] 	train_loss= 0.021 	train_acc=99.36 	time=23.00 	sync=0.00
Evaluating rank 0  72/121  (59.5%)  coord=[0.05 0.05] 	train_loss= 0.022 	train_acc=99.29 	time=23.39 	sync=0.00
Evaluating rank 0  73/121  (60.3%)  coord=[0.1  0.05] 	train_loss= 0.025 	train_acc=99.15 	time=23.19 	sync=0.00
Evaluating rank 0  74/121  (61.2%)  coord=[0.15 0.05] 	train_loss= 0.034 	train_acc=98.88 	time=23.60 	sync=0.00
Evaluating rank 0  75/121  (62.0%)  coord=[0.2  0.05] 	train_loss= 0.055 	train_acc=98.05 	time=22.99 	sync=0.00
Evaluating rank 0  76/121  (62.8%)  coord=[0.25 0.05] 	train_loss= 0.094 	train_acc=96.86 	time=23.51 	sync=0.00
Evaluating rank 0  77/121  (63.6%)  coord=[-0.25  0.1 ] 	train_loss= 0.108 	train_acc=96.68 	time=23.32 	sync=0.00
Evaluating rank 0  78/121  (64.5%)  coord=[-0.2  0.1] 	train_loss= 0.054 	train_acc=98.29 	time=23.06 	sync=0.00
Evaluating rank 0  79/121  (65.3%)  coord=[-0.15  0.1 ] 	train_loss= 0.030 	train_acc=98.98 	time=23.00 	sync=0.00
Evaluating rank 0  80/121  (66.1%)  coord=[-0.1  0.1] 	train_loss= 0.022 	train_acc=99.28 	time=23.39 	sync=0.00
Evaluating rank 0  81/121  (66.9%)  coord=[-0.05  0.1 ] 	train_loss= 0.021 	train_acc=99.35 	time=23.44 	sync=0.00
Evaluating rank 0  82/121  (67.8%)  coord=[0.  0.1] 	train_loss= 0.022 	train_acc=99.33 	time=23.32 	sync=0.00
Evaluating rank 0  83/121  (68.6%)  coord=[0.05 0.1 ] 	train_loss= 0.023 	train_acc=99.28 	time=23.01 	sync=0.00
Evaluating rank 0  84/121  (69.4%)  coord=[0.1 0.1] 	train_loss= 0.028 	train_acc=99.09 	time=23.23 	sync=0.00
Evaluating rank 0  85/121  (70.2%)  coord=[0.15 0.1 ] 	train_loss= 0.041 	train_acc=98.67 	time=22.86 	sync=0.00
Evaluating rank 0  86/121  (71.1%)  coord=[0.2 0.1] 	train_loss= 0.069 	train_acc=97.63 	time=23.64 	sync=0.00
Evaluating rank 0  87/121  (71.9%)  coord=[0.25 0.1 ] 	train_loss= 0.118 	train_acc=96.06 	time=23.20 	sync=0.00
Evaluating rank 0  88/121  (72.7%)  coord=[-0.25  0.15] 	train_loss= 0.124 	train_acc=96.29 	time=23.39 	sync=0.00
Evaluating rank 0  89/121  (73.6%)  coord=[-0.2   0.15] 	train_loss= 0.065 	train_acc=97.94 	time=23.29 	sync=0.00
Evaluating rank 0  90/121  (74.4%)  coord=[-0.15  0.15] 	train_loss= 0.036 	train_acc=98.78 	time=23.37 	sync=0.00
Evaluating rank 0  91/121  (75.2%)  coord=[-0.1   0.15] 	train_loss= 0.026 	train_acc=99.14 	time=23.13 	sync=0.00
Evaluating rank 0  92/121  (76.0%)  coord=[-0.05  0.15] 	train_loss= 0.024 	train_acc=99.22 	time=23.49 	sync=0.00
Evaluating rank 0  93/121  (76.9%)  coord=[0.   0.15] 	train_loss= 0.025 	train_acc=99.19 	time=23.41 	sync=0.00
Evaluating rank 0  94/121  (77.7%)  coord=[0.05 0.15] 	train_loss= 0.028 	train_acc=99.10 	time=23.07 	sync=0.00
Evaluating rank 0  95/121  (78.5%)  coord=[0.1  0.15] 	train_loss= 0.038 	train_acc=98.73 	time=23.25 	sync=0.00
Evaluating rank 0  96/121  (79.3%)  coord=[0.15 0.15] 	train_loss= 0.058 	train_acc=98.06 	time=23.39 	sync=0.00
Evaluating rank 0  97/121  (80.2%)  coord=[0.2  0.15] 	train_loss= 0.098 	train_acc=96.62 	time=23.07 	sync=0.00
Evaluating rank 0  98/121  (81.0%)  coord=[0.25 0.15] 	train_loss= 0.166 	train_acc=94.60 	time=22.90 	sync=0.00
Evaluating rank 0  99/121  (81.8%)  coord=[-0.25  0.2 ] 	train_loss= 0.153 	train_acc=95.39 	time=23.47 	sync=0.00
Evaluating rank 0  100/121  (82.6%)  coord=[-0.2  0.2] 	train_loss= 0.089 	train_acc=97.09 	time=22.88 	sync=0.00
Evaluating rank 0  101/121  (83.5%)  coord=[-0.15  0.2 ] 	train_loss= 0.051 	train_acc=98.23 	time=23.53 	sync=0.00
Evaluating rank 0  102/121  (84.3%)  coord=[-0.1  0.2] 	train_loss= 0.037 	train_acc=98.82 	time=23.26 	sync=0.00
Evaluating rank 0  103/121  (85.1%)  coord=[-0.05  0.2 ] 	train_loss= 0.033 	train_acc=99.02 	time=23.43 	sync=0.00
Evaluating rank 0  104/121  (86.0%)  coord=[0.  0.2] 	train_loss= 0.034 	train_acc=98.95 	time=23.45 	sync=0.00
Evaluating rank 0  105/121  (86.8%)  coord=[0.05 0.2 ] 	train_loss= 0.041 	train_acc=98.67 	time=23.31 	sync=0.00
Evaluating rank 0  106/121  (87.6%)  coord=[0.1 0.2] 	train_loss= 0.058 	train_acc=98.04 	time=23.28 	sync=0.00
Evaluating rank 0  107/121  (88.4%)  coord=[0.15 0.2 ] 	train_loss= 0.093 	train_acc=96.76 	time=23.37 	sync=0.00
Evaluating rank 0  108/121  (89.3%)  coord=[0.2 0.2] 	train_loss= 0.152 	train_acc=95.00 	time=23.67 	sync=0.00
Evaluating rank 0  109/121  (90.1%)  coord=[0.25 0.2 ] 	train_loss= 0.247 	train_acc=92.26 	time=23.24 	sync=0.00
Evaluating rank 0  110/121  (90.9%)  coord=[-0.25  0.25] 	train_loss= 0.200 	train_acc=93.96 	time=23.31 	sync=0.00
Evaluating rank 0  111/121  (91.7%)  coord=[-0.2   0.25] 	train_loss= 0.130 	train_acc=95.78 	time=23.39 	sync=0.00
Evaluating rank 0  112/121  (92.6%)  coord=[-0.15  0.25] 	train_loss= 0.083 	train_acc=97.09 	time=23.07 	sync=0.00
Evaluating rank 0  113/121  (93.4%)  coord=[-0.1   0.25] 	train_loss= 0.061 	train_acc=97.85 	time=22.93 	sync=0.00
Evaluating rank 0  114/121  (94.2%)  coord=[-0.05  0.25] 	train_loss= 0.054 	train_acc=98.17 	time=23.07 	sync=0.00
Evaluating rank 0  115/121  (95.0%)  coord=[0.   0.25] 	train_loss= 0.057 	train_acc=98.07 	time=23.10 	sync=0.00
Evaluating rank 0  116/121  (95.9%)  coord=[0.05 0.25] 	train_loss= 0.069 	train_acc=97.74 	time=23.60 	sync=0.00
Evaluating rank 0  117/121  (96.7%)  coord=[0.1  0.25] 	train_loss= 0.099 	train_acc=96.66 	time=23.04 	sync=0.00
Evaluating rank 0  118/121  (97.5%)  coord=[0.15 0.25] 	train_loss= 0.155 	train_acc=94.77 	time=23.19 	sync=0.00
Evaluating rank 0  119/121  (98.3%)  coord=[0.2  0.25] 	train_loss= 0.241 	train_acc=92.33 	time=23.13 	sync=0.00
Evaluating rank 0  120/121  (99.2%)  coord=[0.25 0.25] 	train_loss= 0.376 	train_acc=88.76 	time=23.20 	sync=0.00
Rank 0 done!  Total time: 2910.71 Sync: 0.00
------------------------------------------------------------------
plot_2d_contour
------------------------------------------------------------------
loading surface file: /nas/staff/data_work/manuel/cloned_repos/visualisation/loss-landscape/model_selection_interspeech_paper/01_interspeech_seed_2D/RQ3_UnseenDevices/cnn14_None_SGD_0-001_16_50_42_None/state.pth.tar_weights_xignore=biasbn_xnorm=filter_yignore=biasbn_ynorm=filter.h5_[-0.25,0.25,11]x[-0.25,0.25,11]_train.h5
len(xcoordinates): 11   len(ycoordinates): 11
max(train_loss) = 0.415889 	 min(train_loss) = 0.020336
[[0.41588895 0.35547775 0.28325382 0.20854783 0.14535542 0.10415037
  0.0847977  0.08353969 0.09486336 0.11785696 0.15568001]
 [0.33215584 0.25941062 0.17978594 0.11333502 0.07252079 0.05420965
  0.04989164 0.05405777 0.06620421 0.08752923 0.12170194]
 [0.24931953 0.17474819 0.10545518 0.06113204 0.04085242 0.03435334
  0.03461141 0.03936423 0.05022244 0.07003153 0.10215597]
 [0.17974149 0.11287672 0.06283674 0.03702223 0.02793264 0.02613837
  0.02723307 0.0312019  0.0404097  0.05897426 0.09036949]
 [0.13488465 0.07541454 0.04032444 0.02665331 0.0230407  0.02260418
  0.02360449 0.02667651 0.03471393 0.05265445 0.08422251]
 [0.11186275 0.05651533 0.03070468 0.02275288 0.02102569 0.02107104
  0.02195064 0.02469349 0.03235695 0.05083844 0.084369  ]
 [0.10423629 0.05068768 0.02807372 0.02151744 0.02033631 0.02068489
  0.02176794 0.0249888  0.03375397 0.05498074 0.09403383]
 [0.10834693 0.05351395 0.02974971 0.02236267 0.02097941 0.02158838
  0.02327016 0.02834381 0.04091566 0.06877329 0.11771339]
 [0.12362644 0.06505237 0.03624904 0.0264166  0.02413444 0.02483057
  0.02813902 0.03754601 0.05821868 0.09790032 0.16571732]
 [0.15322735 0.08897838 0.05148177 0.03652978 0.03265109 0.03409649
  0.04092813 0.05773835 0.09294927 0.15234174 0.24668794]
 [0.2003548  0.13016752 0.08328    0.06065918 0.0543086  0.05689633
  0.06921245 0.09937687 0.15464829 0.24122792 0.37596414]]
/nas/staff/data_work/manuel/cloned_repos/visualisation/loss-landscape/model_selection_interspeech_paper/01_interspeech_seed_2D/RQ3_UnseenDevices/cnn14_None_SGD_0-001_16_50_42_None/state.pth.tar_weights_xignore=biasbn_xnorm=filter_yignore=biasbn_ynorm=filter.h5_[-0.25,0.25,11]x[-0.25,0.25,11]_train.h5_train_loss_2dcontourf_train.pdf
